Log file open, 03/09/18 20:10:30
LogWindows: Failed to load 'aqProf.dll' (GetLastError=126)
LogWindows: File 'aqProf.dll' does not exist
LogWindows: Failed to load 'VtuneApi.dll' (GetLastError=126)
LogWindows: File 'VtuneApi.dll' does not exist
LogWindows: Failed to load 'VtuneApi32e.dll' (GetLastError=126)
LogWindows: File 'VtuneApi32e.dll' does not exist
LogInit: Display: Running engine for game: src
LogPlatformFile: Not using cached read wrapper
LogInit: Display: RandInit(-1056080033) SRandInit(-1056080033).
LogInit: Read version file with build ID '3709383'
LogInit: Overriding engine version to CL 3832480, compatible CL 3709383
LogInit: Registered custom module enumerator with build ID '3709383'
LogTaskGraph: Started task graph with 5 named threads and 14 total threads with 3 sets of task threads.
LogStats: Stats thread started at 0.195364
LogD3D11RHI: Aftermath initialized
LogModuleManager: Display: Found up-to-date module file ../../../Engine/Plugins/2D/Paper2D/Binaries/Win64/UE4Editor-Paper2D.dll (API version 3709383).
LogModuleManager: Display: Found up-to-date module file ../../../Engine/Plugins/2D/Paper2D/Binaries/Win64/UE4Editor-Paper2DEditor.dll (API version 3709383).
LogModuleManager: Display: Found up-to-date module file ../../../Engine/Plugins/2D/Paper2D/Binaries/Win64/UE4Editor-PaperSpriteSheetImporter.dll (API version 3709383).
LogModuleManager: Display: Found up-to-date module file ../../../Engine/Plugins/2D/Paper2D/Binaries/Win64/UE4Editor-PaperTiledImporter.dll (API version 3709383).
LogModuleManager: Display: Found up-to-date module file ../../../Engine/Plugins/2D/Paper2D/Binaries/Win64/UE4Editor-SmartSnapping.dll (API version 3709383).
LogModuleManager: Display: Found up-to-date module file ../../../Engine/Plugins/Blendables/LightPropagationVolume/Binaries/Win64/UE4Editor-LightPropagationVolumeRuntime.dll (API version 3709383).
LogModuleManager: Display: Found up-to-date module file ../../../Engine/Plugins/Blendables/LightPropagationVolume/Binaries/Win64/UE4Editor-LightPropagationVolumeEditor.dll (API version 3709383).
LogModuleManager: Display: Found up-to-date module file ../../../Engine/Plugins/Developer/GitSourceControl/Binaries/Win64/UE4Editor-GitSourceControl.dll (API version 3709383).
LogModuleManager: Display: Found up-to-date module file ../../../Engine/Plugins/Developer/PerforceSourceControl/Binaries/Win64/UE4Editor-PerforceSourceControl.dll (API version 3709383).
LogModuleManager: Display: Found up-to-date module file ../../../Engine/Plugins/Developer/SubversionSourceControl/Binaries/Win64/UE4Editor-SubversionSourceControl.dll (API version 3709383).
LogModuleManager: Display: Found up-to-date module file ../../../Engine/Plugins/Developer/UObjectPlugin/Binaries/Win64/UE4Editor-UObjectPlugin.dll (API version 3709383).
LogModuleManager: Display: Found up-to-date module file ../../../Engine/Plugins/Developer/VisualStudioCodeSourceCodeAccess/Binaries/Win64/UE4Editor-VisualStudioCodeSourceCodeAccess.dll (API version 3709383).
LogModuleManager: Display: Found up-to-date module file ../../../Engine/Plugins/Developer/VisualStudioSourceCodeAccess/Binaries/Win64/UE4Editor-VisualStudioSourceCodeAccess.dll (API version 3709383).
LogModuleManager: Display: Found up-to-date module file ../../../Engine/Plugins/Editor/AssetManagerEditor/Binaries/Win64/UE4Editor-AssetManagerEditor.dll (API version 3709383).
LogModuleManager: Display: Found up-to-date module file ../../../Engine/Plugins/Editor/AudioCapture/Binaries/Win64/UE4Editor-AudioCapture.dll (API version 3709383).
LogModuleManager: Display: Found up-to-date module file ../../../Engine/Plugins/Editor/FacialAnimation/Binaries/Win64/UE4Editor-FacialAnimation.dll (API version 3709383).
LogModuleManager: Display: Found up-to-date module file ../../../Engine/Plugins/Editor/FacialAnimation/Binaries/Win64/UE4Editor-FacialAnimationEditor.dll (API version 3709383).
LogModuleManager: Display: Found up-to-date module file ../../../Engine/Plugins/Editor/GameplayTagsEditor/Binaries/Win64/UE4Editor-GameplayTagsEditor.dll (API version 3709383).
LogModuleManager: Display: Found up-to-date module file ../../../Engine/Plugins/Editor/MobileLauncherProfileWizard/Binaries/Win64/UE4Editor-MobileLauncherProfileWizard.dll (API version 3709383).
LogModuleManager: Display: Found up-to-date module file ../../../Engine/Plugins/Editor/PluginBrowser/Binaries/Win64/UE4Editor-PluginBrowser.dll (API version 3709383).
LogModuleManager: Display: Found up-to-date module file ../../../Engine/Plugins/Editor/SpeedTreeImporter/Binaries/Win64/UE4Editor-SpeedTreeImporter.dll (API version 3709383).
LogModuleManager: Display: Found up-to-date module file ../../../Engine/Plugins/Experimental/AlembicImporter/Binaries/Win64/UE4Editor-AlembicImporter.dll (API version 3709383).
LogModuleManager: Display: Found up-to-date module file ../../../Engine/Plugins/Experimental/AlembicImporter/Binaries/Win64/UE4Editor-AlembicLibrary.dll (API version 3709383).
LogModuleManager: Display: Found up-to-date module file ../../../Engine/Plugins/Experimental/CharacterAI/Binaries/Win64/UE4Editor-CharacterAI.dll (API version 3709383).
LogModuleManager: Display: Found up-to-date module file ../../../Engine/Plugins/Experimental/HTML5Networking/Binaries/Win64/UE4Editor-HTML5Networking.dll (API version 3709383).
LogModuleManager: Display: Found up-to-date module file ../../../Engine/Plugins/Media/AndroidMedia/Binaries/Win64/UE4Editor-AndroidMediaEditor.dll (API version 3709383).
LogModuleManager: Display: Found up-to-date module file ../../../Engine/Plugins/Media/AndroidMedia/Binaries/Win64/UE4Editor-AndroidMediaFactory.dll (API version 3709383).
LogModuleManager: Display: Found up-to-date module file ../../../Engine/Plugins/Media/AvfMedia/Binaries/Win64/UE4Editor-AvfMediaEditor.dll (API version 3709383).
LogModuleManager: Display: Found up-to-date module file ../../../Engine/Plugins/Media/AvfMedia/Binaries/Win64/UE4Editor-AvfMediaFactory.dll (API version 3709383).
LogModuleManager: Display: Found up-to-date module file ../../../Engine/Plugins/Media/AvfMedia/Binaries/Win64/UE4Editor-AvfMediaFactory.dll (API version 3709383).
LogModuleManager: Display: Found up-to-date module file ../../../Engine/Plugins/Media/ImgMedia/Binaries/Win64/UE4Editor-ImgMedia.dll (API version 3709383).
LogModuleManager: Display: Found up-to-date module file ../../../Engine/Plugins/Media/ImgMedia/Binaries/Win64/UE4Editor-ImgMediaEditor.dll (API version 3709383).
LogModuleManager: Display: Found up-to-date module file ../../../Engine/Plugins/Media/ImgMedia/Binaries/Win64/UE4Editor-ImgMediaFactory.dll (API version 3709383).
LogModuleManager: Display: Found up-to-date module file ../../../Engine/Plugins/Media/ImgMedia/Binaries/Win64/UE4Editor-ImgMediaFactory.dll (API version 3709383).
LogModuleManager: Display: Found up-to-date module file ../../../Engine/Plugins/Media/ImgMedia/Binaries/Win64/UE4Editor-OpenExrWrapper.dll (API version 3709383).
LogModuleManager: Display: Found up-to-date module file ../../../Engine/Plugins/Media/MediaCompositing/Binaries/Win64/UE4Editor-MediaCompositing.dll (API version 3709383).
LogModuleManager: Display: Found up-to-date module file ../../../Engine/Plugins/Media/MediaCompositing/Binaries/Win64/UE4Editor-MediaCompositingEditor.dll (API version 3709383).
LogModuleManager: Display: Found up-to-date module file ../../../Engine/Plugins/Media/MediaPlayerEditor/Binaries/Win64/UE4Editor-MediaPlayerEditor.dll (API version 3709383).
LogModuleManager: Display: Found up-to-date module file ../../../Engine/Plugins/Media/WmfMedia/Binaries/Win64/UE4Editor-WmfMedia.dll (API version 3709383).
LogModuleManager: Display: Found up-to-date module file ../../../Engine/Plugins/Media/WmfMedia/Binaries/Win64/UE4Editor-WmfMediaEditor.dll (API version 3709383).
LogModuleManager: Display: Found up-to-date module file ../../../Engine/Plugins/Media/WmfMedia/Binaries/Win64/UE4Editor-WmfMediaFactory.dll (API version 3709383).
LogModuleManager: Display: Found up-to-date module file ../../../Engine/Plugins/Media/WmfMedia/Binaries/Win64/UE4Editor-WmfMediaFactory.dll (API version 3709383).
LogModuleManager: Display: Found up-to-date module file ../../../Engine/Plugins/Messaging/TcpMessaging/Binaries/Win64/UE4Editor-TcpMessaging.dll (API version 3709383).
LogModuleManager: Display: Found up-to-date module file ../../../Engine/Plugins/Messaging/UdpMessaging/Binaries/Win64/UE4Editor-UdpMessaging.dll (API version 3709383).
LogModuleManager: Display: Found up-to-date module file ../../../Engine/Plugins/MovieScene/ActorSequence/Binaries/Win64/UE4Editor-ActorSequence.dll (API version 3709383).
LogModuleManager: Display: Found up-to-date module file ../../../Engine/Plugins/MovieScene/LevelSequenceEditor/Binaries/Win64/UE4Editor-LevelSequenceEditor.dll (API version 3709383).
LogModuleManager: Display: Found up-to-date module file ../../../Engine/Plugins/MovieScene/MatineeToLevelSequence/Binaries/Win64/UE4Editor-MatineeToLevelSequence.dll (API version 3709383).
LogModuleManager: Display: Found up-to-date module file ../../../Engine/Plugins/Online/OnlineSubsystem/Binaries/Win64/UE4Editor-OnlineSubsystem.dll (API version 3709383).
LogModuleManager: Display: Found up-to-date module file ../../../Engine/Plugins/Runtime/AndroidPermission/Binaries/Win64/UE4Editor-AndroidPermission.dll (API version 3709383).
LogModuleManager: Display: Found up-to-date module file ../../../Engine/Plugins/Online/OnlineSubsystemNull/Binaries/Win64/UE4Editor-OnlineSubsystemNull.dll (API version 3709383).
LogModuleManager: Display: Found up-to-date module file ../../../Engine/Plugins/Online/OnlineSubsystemUtils/Binaries/Win64/UE4Editor-OnlineSubsystemUtils.dll (API version 3709383).
LogModuleManager: Display: Found up-to-date module file ../../../Engine/Plugins/Online/OnlineSubsystemUtils/Binaries/Win64/UE4Editor-OnlineBlueprintSupport.dll (API version 3709383).
LogModuleManager: Display: Found up-to-date module file ../../../Engine/Plugins/Runtime/AndroidDeviceProfileSelector/Binaries/Win64/UE4Editor-AndroidDeviceProfileSelector.dll (API version 3709383).
LogModuleManager: Display: Found up-to-date module file ../../../Engine/Plugins/Runtime/AppleARKit/Binaries/Win64/UE4Editor-AppleARKit.dll (API version 3709383).
LogModuleManager: Display: Found up-to-date module file ../../../Engine/Plugins/Runtime/ArchVisCharacter/Binaries/Win64/UE4Editor-ArchVisCharacter.dll (API version 3709383).
LogModuleManager: Display: Found up-to-date module file ../../../Engine/Plugins/Runtime/CableComponent/Binaries/Win64/UE4Editor-CableComponent.dll (API version 3709383).
LogModuleManager: Display: Found up-to-date module file ../../../Engine/Plugins/Runtime/CustomMeshComponent/Binaries/Win64/UE4Editor-CustomMeshComponent.dll (API version 3709383).
LogModuleManager: Display: Found up-to-date module file ../../../Engine/Plugins/Runtime/ExampleDeviceProfileSelector/Binaries/Win64/UE4Editor-ExampleDeviceProfileSelector.dll (API version 3709383).
LogModuleManager: Display: Found up-to-date module file ../../../Engine/Plugins/Runtime/ImmediatePhysics/Binaries/Win64/UE4Editor-ImmediatePhysics.dll (API version 3709383).
LogModuleManager: Display: Found up-to-date module file ../../../Engine/Plugins/Runtime/ImmediatePhysics/Binaries/Win64/UE4Editor-ImmediatePhysicsEditor.dll (API version 3709383).
LogModuleManager: Display: Found up-to-date module file ../../../Engine/Plugins/Runtime/LocationServicesBPLibrary/Binaries/Win64/UE4Editor-LocationServicesBPLibrary.dll (API version 3709383).
LogModuleManager: Display: Found up-to-date module file ../../../Engine/Plugins/Runtime/MobilePatchingUtils/Binaries/Win64/UE4Editor-MobilePatchingUtils.dll (API version 3709383).
LogModuleManager: Display: Found up-to-date module file ../../../Engine/Plugins/Runtime/Oculus/OculusVR/Binaries/Win64/UE4Editor-OculusHMD.dll (API version 3709383).
LogModuleManager: Display: Found up-to-date module file ../../../Engine/Plugins/Runtime/Oculus/OculusVR/Binaries/Win64/UE4Editor-OculusInput.dll (API version 3709383).
LogModuleManager: Display: Found up-to-date module file ../../../Engine/Plugins/Runtime/Oculus/OculusVR/Binaries/Win64/UE4Editor-OculusEditor.dll (API version 3709383).
LogModuleManager: Display: Found up-to-date module file ../../../Engine/Plugins/Runtime/PhysXVehicles/Binaries/Win64/UE4Editor-PhysXVehicles.dll (API version 3709383).
LogModuleManager: Display: Found up-to-date module file ../../../Engine/Plugins/Runtime/PhysXVehicles/Binaries/Win64/UE4Editor-PhysXVehiclesEditor.dll (API version 3709383).
LogModuleManager: Display: Found up-to-date module file ../../../Engine/Plugins/Runtime/ProceduralMeshComponent/Binaries/Win64/UE4Editor-ProceduralMeshComponent.dll (API version 3709383).
LogModuleManager: Display: Found up-to-date module file ../../../Engine/Plugins/Runtime/ProceduralMeshComponent/Binaries/Win64/UE4Editor-ProceduralMeshComponentEditor.dll (API version 3709383).
LogModuleManager: Display: Found up-to-date module file ../../../Engine/Plugins/Runtime/RuntimePhysXCooking/Binaries/Win64/UE4Editor-RuntimePhysXCooking.dll (API version 3709383).
LogModuleManager: Display: Found up-to-date module file ../../../Engine/Plugins/Runtime/Steam/SteamVR/Binaries/Win64/UE4Editor-SteamVR.dll (API version 3709383).
LogModuleManager: Display: Found up-to-date module file ../../../Engine/Plugins/Runtime/Steam/SteamVR/Binaries/Win64/UE4Editor-SteamVRController.dll (API version 3709383).
LogModuleManager: Display: Found up-to-date module file ../../../Engine/Plugins/Runtime/WindowsMoviePlayer/Binaries/Win64/UE4Editor-WindowsMoviePlayer.dll (API version 3709383).
LogPluginManager: Mounting plugin Paper2D
LogPluginManager: Mounting plugin LightPropagationVolume
LogPluginManager: Mounting plugin CodeLiteSourceCodeAccess
LogPluginManager: Mounting plugin GitSourceControl
LogPluginManager: Mounting plugin KDevelopSourceCodeAccess
LogPluginManager: Mounting plugin NullSourceCodeAccess
LogPluginManager: Mounting plugin PerforceSourceControl
LogPluginManager: Mounting plugin SubversionSourceControl
LogPluginManager: Mounting plugin UObjectPlugin
LogPluginManager: Mounting plugin VisualStudioCodeSourceCodeAccess
LogPluginManager: Mounting plugin VisualStudioSourceCodeAccess
LogPluginManager: Mounting plugin XCodeSourceCodeAccess
LogPluginManager: Mounting plugin AssetManagerEditor
LogPluginManager: Mounting plugin AudioCapture
LogPluginManager: Mounting plugin FacialAnimation
LogPluginManager: Mounting plugin GameplayTagsEditor
LogPluginManager: Mounting plugin MobileLauncherProfileWizard
LogPluginManager: Mounting plugin PluginBrowser
LogPluginManager: Mounting plugin SpeedTreeImporter
LogPluginManager: Mounting plugin AlembicImporter
LogPluginManager: Mounting plugin CharacterAI
LogPluginManager: Mounting plugin HTML5Networking
LogPluginManager: Mounting plugin AndroidMedia
LogPluginManager: Mounting plugin AvfMedia
LogPluginManager: Mounting plugin ImgMedia
LogPluginManager: Mounting plugin MediaCompositing
LogPluginManager: Mounting plugin MediaPlayerEditor
LogPluginManager: Mounting plugin WmfMedia
LogPluginManager: Mounting plugin TcpMessaging
LogPluginManager: Mounting plugin UdpMessaging
LogPluginManager: Mounting plugin ActorSequence
LogPluginManager: Mounting plugin LevelSequenceEditor
LogPluginManager: Mounting plugin MatineeToLevelSequence
LogPluginManager: Mounting plugin OnlineSubsystemGooglePlay
LogPluginManager: Mounting plugin OnlineSubsystemIOS
LogPluginManager: Mounting plugin OnlineSubsystem
LogPluginManager: Mounting plugin OnlineSubsystemNull
LogPluginManager: Mounting plugin OnlineSubsystemUtils
LogPluginManager: Mounting plugin AndroidDeviceProfileSelector
LogPluginManager: Mounting plugin AndroidMoviePlayer
LogPluginManager: Mounting plugin AndroidPermission
LogPluginManager: Mounting plugin AppleARKit
LogPluginManager: Mounting plugin AppleMoviePlayer
LogPluginManager: Mounting plugin ArchVisCharacter
LogPluginManager: Mounting plugin CableComponent
LogPluginManager: Mounting plugin CustomMeshComponent
LogPluginManager: Mounting plugin ExampleDeviceProfileSelector
LogPluginManager: Mounting plugin GoogleCloudMessaging
LogPluginManager: Mounting plugin ImmediatePhysics
LogPluginManager: Mounting plugin IOSDeviceProfileSelector
LogPluginManager: Mounting plugin LinuxDeviceProfileSelector
LogPluginManager: Mounting plugin LocationServicesBPLibrary
LogPluginManager: Mounting plugin MobilePatchingUtils
LogPluginManager: Mounting plugin OculusVR
LogPluginManager: Plugin shader directory ../../../Engine/Plugins/Runtime/Oculus/OculusVR/Shaders found
LogPluginManager: Mapping shader source directory ../../../Engine/Plugins/Runtime/Oculus/OculusVR/Shaders to virtual directory /Plugin/OculusVR
LogPluginManager: Mounting plugin PhysXVehicles
LogPluginManager: Mounting plugin ProceduralMeshComponent
LogPluginManager: Mounting plugin RuntimePhysXCooking
LogPluginManager: Mounting plugin SteamVR
LogPluginManager: Mounting plugin WindowsMoviePlayer
LogInit: Using libcurl 7.47.1
LogInit:  - built for x86_64-pc-win32
LogInit:  - supports SSL with OpenSSL/1.0.2g
LogInit:  - supports HTTP deflate (compression) using libz 1.2.8
LogInit:  - other features:
LogInit:      CURL_VERSION_SSL
LogInit:      CURL_VERSION_LIBZ
LogInit:      CURL_VERSION_IPV6
LogInit:      CURL_VERSION_ASYNCHDNS
LogInit:      CURL_VERSION_LARGEFILE
LogInit:      CURL_VERSION_IDN
LogInit:  CurlRequestOptions (configurable via config and command line):
LogInit:  - bVerifyPeer = false  - Libcurl will NOT verify peer certificate
LogInit:  - bUseHttpProxy = false  - Libcurl will NOT use HTTP proxy
LogInit:  - bDontReuseConnections = false  - Libcurl will reuse connections
LogInit:  - CertBundlePath = nullptr  - Libcurl will use whatever was configured at build time.
LogInit: Build: ++UE4+Release-4.18-CL-3832480
LogInit: Engine Version: 4.18.3-3832480+++UE4+Release-4.18
LogInit: Compatible Engine Version: 4.18.0-3709383+++UE4+Release-4.18
LogInit: Net CL: 3709383
LogDevObjectVersion: Number of dev versions registered: 16
LogDevObjectVersion:   Dev-Blueprints (B0D832E4-1F89-4F0D-ACCF-7EB736FD4AA2): 10
LogDevObjectVersion:   Dev-Build (E1C64328-A22C-4D53-A36C-8E866417BD8C): 0
LogDevObjectVersion:   Dev-Core (375EC13C-06E4-48FB-B500-84F0262A717E): 2
LogDevObjectVersion:   Dev-Editor (E4B068ED-F494-42E9-A231-DA0B2E46BB41): 20
LogDevObjectVersion:   Dev-Framework (CFFC743F-43B0-4480-9391-14DF171D2073): 30
LogDevObjectVersion:   Dev-Mobile (B02B49B5-BB20-44E9-A304-32B752E40360): 0
LogDevObjectVersion:   Dev-Networking (A4E4105C-59A1-49B5-A7C5-40C4547EDFEE): 0
LogDevObjectVersion:   Dev-Online (39C831C9-5AE6-47DC-9A44-9C173E1C8E7C): 0
LogDevObjectVersion:   Dev-Physics (78F01B33-EBEA-4F98-B9B4-84EACCB95AA2): 0
LogDevObjectVersion:   Dev-Platform (6631380F-2D4D-43E0-8009-CF276956A95A): 0
LogDevObjectVersion:   Dev-Rendering (12F88B9F-8875-4AFC-A67C-D90C383ABD29): 20
LogDevObjectVersion:   Dev-Sequencer (7B5AE74C-D270-4C10-A958-57980B212A5A): 4
LogDevObjectVersion:   Dev-VR (D7296918-1DD6-4BDD-9DE2-64A83CC13884): 0
LogDevObjectVersion:   Dev-LoadTimes (C2A15278-BFE7-4AFE-6C17-90FF531DF755): 1
LogDevObjectVersion:   Private-Geometry (6EACA3D4-40EC-4CC1-B786-8BED09428FC5): 1
LogDevObjectVersion:   Dev-AnimPhys (29E575DD-E0A3-4627-9D10-D276232CDCEA): 12
LogInit: Compiled (64-bit): Jan 12 2018 02:04:55
LogInit: Compiled with Visual C++: 19.00.24215.01
LogInit: Build Configuration: Development
LogInit: Branch Name: ++UE4+Release-4.18
LogInit: Command line: -EpicPortal 
LogInit: Base directory: C:/Program Files/Epic Games/UE_4.18/Engine/Binaries/Win64/
LogInit: Installed Engine Build: 1
LogInit: Presizing for max 8388607 objects, including 0 objects not considered by GC, pre-allocating 0 bytes for permanent pool.
LogInit: Object subsystem initialized
[2018.03.09-19.10.31:727][  0]LogInit: Selected Device Profile: [Windows]
[2018.03.09-19.10.31:727][  0]LogInit: Applying CVar settings loaded from the selected device profile: [Windows]
[2018.03.09-19.10.31:740][  0]LogInit: Computer: DESKTOP-G7O3M9R
[2018.03.09-19.10.31:740][  0]LogInit: User: bemon
[2018.03.09-19.10.31:740][  0]LogInit: CPU Page size=4096, Cores=4
[2018.03.09-19.10.31:740][  0]LogInit: High frequency timer resolution =3.320339 MHz
[2018.03.09-19.10.31:740][  0]LogMemory: Memory total: Physical=15.9GB (16GB approx)
[2018.03.09-19.10.31:740][  0]LogMemory: Platform Memory Stats for Windows
[2018.03.09-19.10.31:740][  0]LogMemory: Process Physical Memory: 275.02 MB used, 275.02 MB peak
[2018.03.09-19.10.31:740][  0]LogMemory: Process Virtual Memory: 269.88 MB used, 269.88 MB peak
[2018.03.09-19.10.31:740][  0]LogMemory: Physical Memory: 5652.27 MB used,  10626.75 MB free, 16279.02 MB total
[2018.03.09-19.10.31:740][  0]LogMemory: Virtual Memory: 678.32 MB used,  10626.75 MB free, 134217728.00 MB total
[2018.03.09-19.10.31:939][  0]LogInit: Using OS detected language (pl-PL).
[2018.03.09-19.10.31:939][  0]LogInit: Using OS detected locale (pl-PL).
[2018.03.09-19.10.31:942][  0]LogTextLocalizationManager: No localization for 'pl-PL' exists, so 'en' will be used for the language.
[2018.03.09-19.10.31:942][  0]LogTextLocalizationManager: No localization for 'pl-PL' exists, so 'en' will be used for the locale.
[2018.03.09-19.10.32:329][  0]LogInit: Setting process to per monitor DPI aware
[2018.03.09-19.10.32:587][  0]LogD3D11RHI: D3D11 adapters:
[2018.03.09-19.10.32:631][  0]LogD3D11RHI:    0. 'NVIDIA GeForce GTX 660' (Feature Level 11_0)
[2018.03.09-19.10.32:631][  0]LogD3D11RHI:       2015/0/8139 MB DedicatedVideo/DedicatedSystem/SharedSystem, Outputs:1, VendorId:0x10de
[2018.03.09-19.10.32:635][  0]LogD3D11RHI:    1. 'Intel(R) HD Graphics 4000' (Feature Level 11_0)
[2018.03.09-19.10.32:635][  0]LogD3D11RHI:       32/0/1760 MB DedicatedVideo/DedicatedSystem/SharedSystem, Outputs:0, VendorId:0x8086
[2018.03.09-19.10.32:637][  0]LogD3D11RHI:    2. 'Microsoft Basic Render Driver' (Feature Level 11_0)
[2018.03.09-19.10.32:637][  0]LogD3D11RHI:       0/0/8139 MB DedicatedVideo/DedicatedSystem/SharedSystem, Outputs:0, VendorId:0x1414
[2018.03.09-19.10.32:637][  0]LogD3D11RHI: Chosen D3D11 Adapter: 0
[2018.03.09-19.10.32:643][  0]LogD3D11RHI: Creating new Direct3DDevice
[2018.03.09-19.10.32:643][  0]LogD3D11RHI:     GPU DeviceId: 0x11c0 (for the marketing name, search the web for "GPU Device Id")
[2018.03.09-19.10.32:643][  0]LogWindows: EnumDisplayDevices:
[2018.03.09-19.10.32:643][  0]LogWindows:    0. 'NVIDIA GeForce GTX 660' (P:1 D:1)
[2018.03.09-19.10.32:643][  0]LogWindows:    1. 'NVIDIA GeForce GTX 660' (P:0 D:0)
[2018.03.09-19.10.32:643][  0]LogWindows:    2. 'NVIDIA GeForce GTX 660' (P:0 D:0)
[2018.03.09-19.10.32:643][  0]LogWindows:    3. 'NVIDIA GeForce GTX 660' (P:0 D:0)
[2018.03.09-19.10.32:644][  0]LogWindows:    4. 'Intel(R) HD Graphics 4000' (P:0 D:0)
[2018.03.09-19.10.32:644][  0]LogWindows:    5. 'Intel(R) HD Graphics 4000' (P:0 D:0)
[2018.03.09-19.10.32:644][  0]LogWindows:    6. 'Intel(R) HD Graphics 4000' (P:0 D:0)
[2018.03.09-19.10.32:644][  0]LogWindows: DebugString: GetVideoDriverDetailsInvalid PrimaryIsNotTheChoosenAdapter GetVideoDriverDetailsInvalid PrimaryIsNotTheChoosenAdapter GetVideoDriverDetailsInvalid PrimaryIsNotTheChoosenAdapter GetVideoDriverDetailsInvalid PrimaryIsNotTheChoosenAdapter GetVideoDriverDetailsInvalid PrimaryIsNotTheChoosenAdapter GetVideoDriverDetailsInvalid PrimaryIsNotTheChoosenAdapter GetVideoDriverDetailsInvalid PrimaryIsNotTheChoosenAdapter FoundDriverCount:0 
[2018.03.09-19.10.32:644][  0]LogD3D11RHI:     Adapter Name: NVIDIA GeForce GTX 660
[2018.03.09-19.10.32:644][  0]LogD3D11RHI:   Driver Version: Unknown (internal:Unknown, unified:Unknown)
[2018.03.09-19.10.32:644][  0]LogD3D11RHI:      Driver Date: Unknown
[2018.03.09-19.10.32:644][  0]LogRHI: Texture pool is 1411 MB (70% of 2015 MB)
[2018.03.09-19.10.32:676][  0]LogD3D11RHI: Async texture creation enabled
[2018.03.09-19.10.32:790][  0]LogD3D11RHI: GPU Timing Frequency: 1000.000000 (Debug: 2 1)
[2018.03.09-19.10.32:841][  0]LogShaderCompilers: Guid format shader working directory is -24 characters bigger than the processId version (../../../../../../Users/bemon/Documents/Unreal Projects/mad-hamish/src/Intermediate/Shaders/WorkingDirectory/4544/).
[2018.03.09-19.10.32:841][  0]LogShaderCompilers: Cleaned the shader compiler working directory 'C:/Users/bemon/AppData/Local/Temp/UnrealShaderWorkingDir/D3375E02462B0E63B57F46AA4E188E8B/'.
[2018.03.09-19.10.32:841][  0]LogShaderCompilers: Display: Using Local Shader Compiler.
[2018.03.09-19.10.33:843][  0]LogTemp: Display: Loaded TP AllDesktopTargetPlatform
[2018.03.09-19.10.33:906][  0]LogTemp: Display: Loaded TP MacClientTargetPlatform
[2018.03.09-19.10.33:968][  0]LogTemp: Display: Loaded TP MacNoEditorTargetPlatform
[2018.03.09-19.10.34:031][  0]LogTemp: Display: Loaded TP MacServerTargetPlatform
[2018.03.09-19.10.34:094][  0]LogTemp: Display: Loaded TP MacTargetPlatform
[2018.03.09-19.10.34:157][  0]LogTemp: Display: Loaded TP WindowsClientTargetPlatform
[2018.03.09-19.10.34:220][  0]LogTemp: Display: Loaded TP WindowsNoEditorTargetPlatform
[2018.03.09-19.10.34:283][  0]LogTemp: Display: Loaded TP WindowsServerTargetPlatform
[2018.03.09-19.10.34:338][  0]LogTemp: Display: Loaded TP WindowsTargetPlatform
[2018.03.09-19.10.34:399][  0]LogTemp: Display: Loaded TP Android_ASTCTargetPlatform
[2018.03.09-19.10.34:461][  0]LogTemp: Display: Loaded TP Android_ATCTargetPlatform
[2018.03.09-19.10.34:523][  0]LogTemp: Display: Loaded TP Android_DXTTargetPlatform
[2018.03.09-19.10.34:585][  0]LogTemp: Display: Loaded TP Android_ETC1TargetPlatform
[2018.03.09-19.10.34:646][  0]LogTemp: Display: Loaded TP Android_ETC2TargetPlatform
[2018.03.09-19.10.34:769][  0]LogTemp: Display: Loaded TP Android_MultiTargetPlatform
[2018.03.09-19.10.34:769][  0]LogTemp: Display: Loaded TP Android_PVRTCTargetPlatform
[2018.03.09-19.10.34:832][  0]LogTemp: Display: Loaded TP AndroidTargetPlatform
[2018.03.09-19.10.34:882][  0]LogTemp: Display: Loaded TP HTML5TargetPlatform
[2018.03.09-19.10.34:990][  0]LogTemp: Display: Loaded TP IOSTargetPlatform
[2018.03.09-19.10.35:024][  0]LogTemp: Display: Loaded TP TVOSTargetPlatform
[2018.03.09-19.10.35:087][  0]LogTemp: Display: Loaded TP LinuxClientTargetPlatform
[2018.03.09-19.10.35:151][  0]LogTemp: Display: Loaded TP LinuxNoEditorTargetPlatform
[2018.03.09-19.10.35:213][  0]LogTemp: Display: Loaded TP LinuxServerTargetPlatform
[2018.03.09-19.10.35:276][  0]LogTemp: Display: Loaded TP LinuxTargetPlatform
[2018.03.09-19.10.35:276][  0]LogTargetPlatformManager: Display: Building Assets For Windows
[2018.03.09-19.10.35:852][  0]LogDerivedDataCache: Display: Max Cache Size: 512 MB
[2018.03.09-19.10.35:920][  0]LogDerivedDataCache: Loaded boot cache 0.07s 78MB C:/Users/bemon/AppData/Local/UnrealEngine/4.18/DerivedDataCache/Boot.ddc.
[2018.03.09-19.10.35:920][  0]LogDerivedDataCache: Display: Loaded Boot cache: C:/Users/bemon/AppData/Local/UnrealEngine/4.18/DerivedDataCache/Boot.ddc
[2018.03.09-19.10.35:920][  0]LogDerivedDataCache: FDerivedDataBackendGraph:  Pak pak cache file ../../../../../../Users/bemon/Documents/Unreal Projects/mad-hamish/src/DerivedDataCache/DDC.ddp not found, will not use a pak cache.
[2018.03.09-19.10.35:920][  0]LogDerivedDataCache: Unable to find inner node Pak for hierarchical cache Hierarchy.
[2018.03.09-19.10.35:920][  0]LogDerivedDataCache: FDerivedDataBackendGraph:  CompressedPak pak cache file ../../../../../../Users/bemon/Documents/Unreal Projects/mad-hamish/src/DerivedDataCache/Compressed.ddp not found, will not use a pak cache.
[2018.03.09-19.10.35:920][  0]LogDerivedDataCache: Unable to find inner node CompressedPak for hierarchical cache Hierarchy.
[2018.03.09-19.10.35:936][  0]LogDerivedDataCache: Display: Pak cache opened for reading ../../../Engine/DerivedDataCache/Compressed.ddp.
[2018.03.09-19.10.35:948][  0]LogDerivedDataCache: Using Local data cache path C:/Users/bemon/AppData/Local/UnrealEngine/Common/DerivedDataCache: Writable
[2018.03.09-19.10.35:960][  0]LogMaterial: Verifying Global Shaders for PCD3D_SM5
[2018.03.09-19.10.35:960][  0]LogSlate: Using Freetype 2.6.0
[2018.03.09-19.10.35:961][  0]LogSlate: SlateFontCache - WITH_FREETYPE: 1, WITH_HARFBUZZ: 1
[2018.03.09-19.10.35:961][  0]LogSlate: SlateFontCache - WITH_FREETYPE: 1, WITH_HARFBUZZ: 1
[2018.03.09-19.10.36:383][  0]LogInit: Selected Device Profile: [Windows]
[2018.03.09-19.10.36:776][  0]LogSimplygon: Simplygon DLL not present - disabling.
[2018.03.09-19.10.36:828][  0]LogMeshReduction: Using SimplygonSwarm for distributed automatic mesh merging
[2018.03.09-19.10.36:828][  0]LogMeshReduction: Using QuadricMeshReduction for automatic static mesh reduction
[2018.03.09-19.10.36:828][  0]LogMeshReduction: No automatic skeletal mesh reduction module available
[2018.03.09-19.10.36:829][  0]LogMeshReduction: No automatic mesh merging module available
[2018.03.09-19.10.36:829][  0]LogMeshMerging: No automatic mesh merging module available
[2018.03.09-19.10.36:857][  0]LogNetVersion: src , NetCL: 3709383, EngineNetVer: 2, GameNetVer: 0 (Checksum: 2999231980)
[2018.03.09-19.10.37:043][  0]LogAssetRegistry: FAssetRegistry took 0.0267 seconds to start up
[2018.03.09-19.10.37:584][  0]LogPackageLocalizationCache: Processed 7 localized package path(s) for 1 prioritized culture(s) in 0.034597 seconds
[2018.03.09-19.10.37:589][  0]LogUObjectArray: 35870 objects as part of root set at end of initial load.
[2018.03.09-19.10.37:589][  0]LogUObjectAllocator: 7363704 out of 0 bytes used by permanent object pool.
[2018.03.09-19.10.37:589][  0]LogUObjectArray: CloseDisregardForGC: 0/0 objects in disregard for GC pool
[2018.03.09-19.10.37:659][  0]LogInit: WinSock: version 1.1 (2.2), MaxSocks=32767, MaxUdp=65467
[2018.03.09-19.10.40:958][  0]LogTcpMessaging: Initializing TcpMessaging bridge
[2018.03.09-19.10.41:016][  0]LogUdpMessaging: Initializing bridge on interface 0.0.0.0:0 to multicast group 230.0.0.1:6666.
[2018.03.09-19.10.41:840][  0]LogMaterial: Uniform references updated for custom material expression Custom.
[2018.03.09-19.10.42:374][  0]SourceControl: Source control is disabled
[2018.03.09-19.10.42:375][  0]SourceControl: Source control is disabled
[2018.03.09-19.10.42:446][  0]SourceControl: Source control is disabled
[2018.03.09-19.10.42:515][  0]SourceControl: Source control is disabled
[2018.03.09-19.10.43:530][  0]LogAndroidPermission: UAndroidPermissionCallbackProxy::GetInstance
[2018.03.09-19.10.43:854][  0]LogOcInput: OculusInput pre-init called
[2018.03.09-19.10.44:225][  0]LogEngine: Initializing Engine...
[2018.03.09-19.10.44:228][  0]LogHMD: Failed to initialize OpenVR with code 110
[2018.03.09-19.10.44:459][  0]LogStats: UGameplayTagsManager::ConstructGameplayTagTree: Construct from data asset -  0.000 s
[2018.03.09-19.10.44:459][  0]LogStats: UGameplayTagsManager::ConstructGameplayTagTree: GameplayTagTreeChangedEvent.Broadcast -  0.000 s
[2018.03.09-19.10.44:638][  0]LogAIModule: Creating AISystem for world Untitled
[2018.03.09-19.10.44:651][  0]LogInit: XAudio2 using 'Głośniki (Urządzenie zgodne ze standardem High Definition Audio)' : 2 channels at 48 kHz using 16 bits per sample (channel mask 0x3)
[2018.03.09-19.10.44:675][  0]LogInit: FAudioDevice initialized.
[2018.03.09-19.10.44:770][  0]LogDerivedDataCache: Saved boot cache 0.09s 78MB C:/Users/bemon/AppData/Local/UnrealEngine/4.18/DerivedDataCache/Boot.ddc.
[2018.03.09-19.10.44:782][  0]LogInit: Texture streaming: Enabled
[2018.03.09-19.10.44:907][  0]LogEngineSessionManager: EngineSessionManager initialized
[2018.03.09-19.10.45:070][  0]LogInit: Transaction tracking system initialized
[2018.03.09-19.10.45:463][  0]BlueprintLog: New page: Editor Load
[2018.03.09-19.10.46:624][  0]LocalizationService: Localization service is disabled
[2018.03.09-19.10.47:545][  0]LogConsoleResponse: Display: 
[2018.03.09-19.10.47:725][  0]LogFileCache: Scanning file cache for directory 'C:/Users/bemon/Documents/Unreal Projects/mad-hamish/src/Content/' took 0.01s
[2018.03.09-19.10.47:725][  0]LogCook: Display: Max memory allowance for cook 16384mb min free memory 0mb
[2018.03.09-19.10.47:725][  0]LogCook: Display: Mobile HDR setting 1
[2018.03.09-19.10.47:725][  0]LogGameplayTags: Display: UGameplayTagsManager::DoneAddingNativeTags. DelegateIsBound: 0
[2018.03.09-19.10.49:228][  0]SourceControl: Source control is disabled
[2018.03.09-19.10.49:228][  0]Cmd: MAP LOAD FILE="../../../Engine/Content/Maps/Templates/Template_Default.umap" TEMPLATE=1 SHOWPROGRESS=1 FEATURELEVEL=3
[2018.03.09-19.10.49:229][  0]LightingResults: New page: Lighting Build
[2018.03.09-19.10.49:284][  0]MapCheck: New page: Map Check
[2018.03.09-19.10.49:285][  0]LightingResults: New page: Lighting Build
[2018.03.09-19.10.49:545][  0]LogAIModule: Creating AISystem for world Untitled_1
[2018.03.09-19.10.49:552][  0]LogEditorServer: Finished looking for orphan Actors (0.000 secs)
[2018.03.09-19.10.49:562][  0]Cmd: MAP CHECKDEP NOCLEARLOG
[2018.03.09-19.10.49:618][  0]MapCheck: Map check complete: 0 Error(s), 0 Warning(s), took 55.711ms to complete.
[2018.03.09-19.10.49:618][  0]LogFileHelpers: Loading map 'Template_Default' took 0.390
[2018.03.09-19.10.49:804][  0]LogCollectionManager: Loaded 0 collections in 0.001896 seconds
[2018.03.09-19.10.49:915][  0]LogFileCache: Scanning file cache for directory 'C:/Users/bemon/Documents/Unreal Projects/mad-hamish/src/Saved/Collections/' took 0.01s
[2018.03.09-19.10.49:915][  0]LogFileCache: Scanning file cache for directory 'C:/Users/bemon/Documents/Unreal Projects/mad-hamish/src/Content/Developers/bemon/Collections/' took 0.01s
[2018.03.09-19.10.49:915][  0]LogFileCache: Scanning file cache for directory 'C:/Users/bemon/Documents/Unreal Projects/mad-hamish/src/Content/Collections/' took 0.01s
[2018.03.09-19.10.49:915][  0]LogCollectionManager: Rebuilt the GUID cache for 0 collections in 0.000000 seconds
[2018.03.09-19.10.49:925][  0]LogContentBrowser: Native class hierarchy populated in 0.0097 seconds. Added 2363 classes and 519 folders.
[2018.03.09-19.10.50:006][  0]LogContentBrowser: Native class hierarchy updated for 'WidgetCarousel' in 0.0002 seconds. Added 0 classes and 0 folders.
[2018.03.09-19.10.50:044][  0]LogContentBrowser: Native class hierarchy updated for 'AddContentDialog' in 0.0002 seconds. Added 0 classes and 0 folders.
[2018.03.09-19.10.50:097][  0]LogContentBrowser: Native class hierarchy updated for 'SceneOutliner' in 0.0003 seconds. Added 1 classes and 2 folders.
[2018.03.09-19.10.50:114][  0]LogSlate: Took 0.000277 seconds to synchronously load lazily loaded font '../../../Engine/Content/Slate/Fonts/Roboto-Regular.ttf' (155K)
[2018.03.09-19.10.50:116][  0]LogSlate: Took 0.000198 seconds to synchronously load lazily loaded font '../../../Engine/Content/Slate/Fonts/Roboto-Bold.ttf' (160K)
[2018.03.09-19.10.50:122][  0]LogSlate: Took 0.000266 seconds to synchronously load lazily loaded font '../../../Engine/Content/Editor/Slate/Fonts/FontAwesome.ttf' (139K)
[2018.03.09-19.10.50:230][  0]LogRenderer: Reallocating scene render targets to support 1208x576 Format 10 NumSamples 1 (Frame:1).
[2018.03.09-19.10.50:441][  0]LogContentBrowser: Native class hierarchy updated for 'HierarchicalLODOutliner' in 0.0003 seconds. Added 1 classes and 2 folders.
[2018.03.09-19.10.50:441][  0]LogLoad: (Engine Initialization) Total time: 21.32 seconds
[2018.03.09-19.10.50:441][  0]LogLoad: (Engine Initialization) Total Blueprint compile time: 0.00 seconds
[2018.03.09-19.10.50:441][  0]LogExternalProfiler: Found external profiler: VSPerf
[2018.03.09-19.10.50:441][  0]LogExternalProfiler: Using external profiler: VSPerf
[2018.03.09-19.10.50:450][  0]LogWindowsTextInputMethodSystem: Display: IME system now deactivated.
[2018.03.09-19.10.50:470][  0]LogContentStreaming: Texture pool size now 1000 MB
[2018.03.09-19.10.50:584][  1]LogAssetRegistry: Asset discovery search completed in 13.5639 seconds
[2018.03.09-19.10.50:586][  1]LogCollectionManager: Rebuilt the object cache for 0 collections in 0.000000 seconds (found 0 objects)
[2018.03.09-19.10.50:586][  1]LogCollectionManager: Fixed up redirectors for 0 collections in 0.000048 seconds (updated 0 objects)
[2018.03.09-19.10.56:172][177]SourceControl: On branch master
[2018.03.09-19.10.56:172][177]SourceControl: Your branch is up-to-date with 'origin/master'.
[2018.03.09-19.10.56:172][177]SourceControl: Untracked files:
[2018.03.09-19.10.56:172][177]SourceControl:   (use "git add <file>..." to include in what will be committed)
[2018.03.09-19.10.56:172][177]SourceControl: 	src/
[2018.03.09-19.10.56:172][177]SourceControl: nothing added to commit but untracked files present (use "git add" to track)
