Log file open, 03/11/18 10:01:02
LogWindows: Failed to load 'aqProf.dll' (GetLastError=126)
LogWindows: File 'aqProf.dll' does not exist
LogWindows: Failed to load 'VtuneApi.dll' (GetLastError=126)
LogWindows: File 'VtuneApi.dll' does not exist
LogWindows: Failed to load 'VtuneApi32e.dll' (GetLastError=126)
LogWindows: File 'VtuneApi32e.dll' does not exist
LogInit: Display: Running engine for game: src
LogPlatformFile: Not using cached read wrapper
LogInit: Display: RandInit(-1609717604) SRandInit(-1609717604).
LogInit: Read version file with build ID '3709383'
LogInit: Overriding engine version to CL 3832480, compatible CL 3709383
LogInit: Registered custom module enumerator with build ID '3709383'
LogTaskGraph: Started task graph with 5 named threads and 14 total threads with 3 sets of task threads.
LogStats: Stats thread started at 0.921462
LogD3D11RHI: Aftermath initialized
LogModuleManager: Display: Found up-to-date module file ../../../Engine/Plugins/Marketplace/Substance/Binaries/Win64/UE4Editor-SubstanceCore.dll (API version 3709383).
LogModuleManager: Display: Found up-to-date module file ../../../Engine/Plugins/Marketplace/Substance/Binaries/Win64/UE4Editor-SubstanceEditor.dll (API version 3709383).
LogModuleManager: Display: Found up-to-date module file ../../../Engine/Plugins/Marketplace/Substance/Binaries/Win64/UE4Editor-SubstanceSource.dll (API version 3709383).
LogModuleManager: Display: Found up-to-date module file ../../../Engine/Plugins/Marketplace/Substance/Binaries/Win64/UE4Editor-SubstanceLiveLink.dll (API version 3709383).
LogModuleManager: Display: Found up-to-date module file ../../../Engine/Plugins/2D/Paper2D/Binaries/Win64/UE4Editor-Paper2D.dll (API version 3709383).
LogModuleManager: Display: Found up-to-date module file ../../../Engine/Plugins/2D/Paper2D/Binaries/Win64/UE4Editor-Paper2DEditor.dll (API version 3709383).
LogModuleManager: Display: Found up-to-date module file ../../../Engine/Plugins/2D/Paper2D/Binaries/Win64/UE4Editor-PaperSpriteSheetImporter.dll (API version 3709383).
LogModuleManager: Display: Found up-to-date module file ../../../Engine/Plugins/2D/Paper2D/Binaries/Win64/UE4Editor-PaperTiledImporter.dll (API version 3709383).
LogModuleManager: Display: Found up-to-date module file ../../../Engine/Plugins/2D/Paper2D/Binaries/Win64/UE4Editor-SmartSnapping.dll (API version 3709383).
LogModuleManager: Display: Found up-to-date module file ../../../Engine/Plugins/Blendables/LightPropagationVolume/Binaries/Win64/UE4Editor-LightPropagationVolumeRuntime.dll (API version 3709383).
LogModuleManager: Display: Found up-to-date module file ../../../Engine/Plugins/Blendables/LightPropagationVolume/Binaries/Win64/UE4Editor-LightPropagationVolumeEditor.dll (API version 3709383).
LogModuleManager: Display: Found up-to-date module file ../../../Engine/Plugins/Developer/GitSourceControl/Binaries/Win64/UE4Editor-GitSourceControl.dll (API version 3709383).
LogModuleManager: Display: Found up-to-date module file ../../../Engine/Plugins/Developer/PerforceSourceControl/Binaries/Win64/UE4Editor-PerforceSourceControl.dll (API version 3709383).
LogModuleManager: Display: Found up-to-date module file ../../../Engine/Plugins/Developer/SubversionSourceControl/Binaries/Win64/UE4Editor-SubversionSourceControl.dll (API version 3709383).
LogModuleManager: Display: Found up-to-date module file ../../../Engine/Plugins/Developer/UObjectPlugin/Binaries/Win64/UE4Editor-UObjectPlugin.dll (API version 3709383).
LogModuleManager: Display: Found up-to-date module file ../../../Engine/Plugins/Developer/VisualStudioCodeSourceCodeAccess/Binaries/Win64/UE4Editor-VisualStudioCodeSourceCodeAccess.dll (API version 3709383).
LogModuleManager: Display: Found up-to-date module file ../../../Engine/Plugins/Developer/VisualStudioSourceCodeAccess/Binaries/Win64/UE4Editor-VisualStudioSourceCodeAccess.dll (API version 3709383).
LogModuleManager: Display: Found up-to-date module file ../../../Engine/Plugins/Editor/AssetManagerEditor/Binaries/Win64/UE4Editor-AssetManagerEditor.dll (API version 3709383).
LogModuleManager: Display: Found up-to-date module file ../../../Engine/Plugins/Editor/AudioCapture/Binaries/Win64/UE4Editor-AudioCapture.dll (API version 3709383).
LogModuleManager: Display: Found up-to-date module file ../../../Engine/Plugins/Editor/FacialAnimation/Binaries/Win64/UE4Editor-FacialAnimation.dll (API version 3709383).
LogModuleManager: Display: Found up-to-date module file ../../../Engine/Plugins/Editor/FacialAnimation/Binaries/Win64/UE4Editor-FacialAnimationEditor.dll (API version 3709383).
LogModuleManager: Display: Found up-to-date module file ../../../Engine/Plugins/Editor/GameplayTagsEditor/Binaries/Win64/UE4Editor-GameplayTagsEditor.dll (API version 3709383).
LogModuleManager: Display: Found up-to-date module file ../../../Engine/Plugins/Editor/MobileLauncherProfileWizard/Binaries/Win64/UE4Editor-MobileLauncherProfileWizard.dll (API version 3709383).
LogModuleManager: Display: Found up-to-date module file ../../../Engine/Plugins/Editor/PluginBrowser/Binaries/Win64/UE4Editor-PluginBrowser.dll (API version 3709383).
LogModuleManager: Display: Found up-to-date module file ../../../Engine/Plugins/Editor/SpeedTreeImporter/Binaries/Win64/UE4Editor-SpeedTreeImporter.dll (API version 3709383).
LogModuleManager: Display: Found up-to-date module file ../../../Engine/Plugins/Experimental/AlembicImporter/Binaries/Win64/UE4Editor-AlembicImporter.dll (API version 3709383).
LogModuleManager: Display: Found up-to-date module file ../../../Engine/Plugins/Experimental/AlembicImporter/Binaries/Win64/UE4Editor-AlembicLibrary.dll (API version 3709383).
LogModuleManager: Display: Found up-to-date module file ../../../Engine/Plugins/Experimental/CharacterAI/Binaries/Win64/UE4Editor-CharacterAI.dll (API version 3709383).
LogModuleManager: Display: Found up-to-date module file ../../../Engine/Plugins/Experimental/HTML5Networking/Binaries/Win64/UE4Editor-HTML5Networking.dll (API version 3709383).
LogModuleManager: Display: Found up-to-date module file ../../../Engine/Plugins/Media/AndroidMedia/Binaries/Win64/UE4Editor-AndroidMediaEditor.dll (API version 3709383).
LogModuleManager: Display: Found up-to-date module file ../../../Engine/Plugins/Media/AndroidMedia/Binaries/Win64/UE4Editor-AndroidMediaFactory.dll (API version 3709383).
LogModuleManager: Display: Found up-to-date module file ../../../Engine/Plugins/Media/AvfMedia/Binaries/Win64/UE4Editor-AvfMediaEditor.dll (API version 3709383).
LogModuleManager: Display: Found up-to-date module file ../../../Engine/Plugins/Media/AvfMedia/Binaries/Win64/UE4Editor-AvfMediaFactory.dll (API version 3709383).
LogModuleManager: Display: Found up-to-date module file ../../../Engine/Plugins/Media/AvfMedia/Binaries/Win64/UE4Editor-AvfMediaFactory.dll (API version 3709383).
LogModuleManager: Display: Found up-to-date module file ../../../Engine/Plugins/Media/ImgMedia/Binaries/Win64/UE4Editor-ImgMedia.dll (API version 3709383).
LogModuleManager: Display: Found up-to-date module file ../../../Engine/Plugins/Media/ImgMedia/Binaries/Win64/UE4Editor-ImgMediaEditor.dll (API version 3709383).
LogModuleManager: Display: Found up-to-date module file ../../../Engine/Plugins/Media/ImgMedia/Binaries/Win64/UE4Editor-ImgMediaFactory.dll (API version 3709383).
LogModuleManager: Display: Found up-to-date module file ../../../Engine/Plugins/Media/ImgMedia/Binaries/Win64/UE4Editor-ImgMediaFactory.dll (API version 3709383).
LogModuleManager: Display: Found up-to-date module file ../../../Engine/Plugins/Media/ImgMedia/Binaries/Win64/UE4Editor-OpenExrWrapper.dll (API version 3709383).
LogModuleManager: Display: Found up-to-date module file ../../../Engine/Plugins/Media/MediaCompositing/Binaries/Win64/UE4Editor-MediaCompositing.dll (API version 3709383).
LogModuleManager: Display: Found up-to-date module file ../../../Engine/Plugins/Media/MediaCompositing/Binaries/Win64/UE4Editor-MediaCompositingEditor.dll (API version 3709383).
LogModuleManager: Display: Found up-to-date module file ../../../Engine/Plugins/Media/MediaPlayerEditor/Binaries/Win64/UE4Editor-MediaPlayerEditor.dll (API version 3709383).
LogModuleManager: Display: Found up-to-date module file ../../../Engine/Plugins/Media/WmfMedia/Binaries/Win64/UE4Editor-WmfMedia.dll (API version 3709383).
LogModuleManager: Display: Found up-to-date module file ../../../Engine/Plugins/Media/WmfMedia/Binaries/Win64/UE4Editor-WmfMediaEditor.dll (API version 3709383).
LogModuleManager: Display: Found up-to-date module file ../../../Engine/Plugins/Media/WmfMedia/Binaries/Win64/UE4Editor-WmfMediaFactory.dll (API version 3709383).
LogModuleManager: Display: Found up-to-date module file ../../../Engine/Plugins/Media/WmfMedia/Binaries/Win64/UE4Editor-WmfMediaFactory.dll (API version 3709383).
LogModuleManager: Display: Found up-to-date module file ../../../Engine/Plugins/Messaging/TcpMessaging/Binaries/Win64/UE4Editor-TcpMessaging.dll (API version 3709383).
LogModuleManager: Display: Found up-to-date module file ../../../Engine/Plugins/Messaging/UdpMessaging/Binaries/Win64/UE4Editor-UdpMessaging.dll (API version 3709383).
LogModuleManager: Display: Found up-to-date module file ../../../Engine/Plugins/MovieScene/ActorSequence/Binaries/Win64/UE4Editor-ActorSequence.dll (API version 3709383).
LogModuleManager: Display: Found up-to-date module file ../../../Engine/Plugins/MovieScene/LevelSequenceEditor/Binaries/Win64/UE4Editor-LevelSequenceEditor.dll (API version 3709383).
LogModuleManager: Display: Found up-to-date module file ../../../Engine/Plugins/MovieScene/MatineeToLevelSequence/Binaries/Win64/UE4Editor-MatineeToLevelSequence.dll (API version 3709383).
LogModuleManager: Display: Found up-to-date module file ../../../Engine/Plugins/Online/OnlineSubsystem/Binaries/Win64/UE4Editor-OnlineSubsystem.dll (API version 3709383).
LogModuleManager: Display: Found up-to-date module file ../../../Engine/Plugins/Runtime/AndroidPermission/Binaries/Win64/UE4Editor-AndroidPermission.dll (API version 3709383).
LogModuleManager: Display: Found up-to-date module file ../../../Engine/Plugins/Online/OnlineSubsystemNull/Binaries/Win64/UE4Editor-OnlineSubsystemNull.dll (API version 3709383).
LogModuleManager: Display: Found up-to-date module file ../../../Engine/Plugins/Online/OnlineSubsystemUtils/Binaries/Win64/UE4Editor-OnlineSubsystemUtils.dll (API version 3709383).
LogModuleManager: Display: Found up-to-date module file ../../../Engine/Plugins/Online/OnlineSubsystemUtils/Binaries/Win64/UE4Editor-OnlineBlueprintSupport.dll (API version 3709383).
LogModuleManager: Display: Found up-to-date module file ../../../Engine/Plugins/Runtime/AndroidDeviceProfileSelector/Binaries/Win64/UE4Editor-AndroidDeviceProfileSelector.dll (API version 3709383).
LogModuleManager: Display: Found up-to-date module file ../../../Engine/Plugins/Runtime/AppleARKit/Binaries/Win64/UE4Editor-AppleARKit.dll (API version 3709383).
LogModuleManager: Display: Found up-to-date module file ../../../Engine/Plugins/Runtime/ArchVisCharacter/Binaries/Win64/UE4Editor-ArchVisCharacter.dll (API version 3709383).
LogModuleManager: Display: Found up-to-date module file ../../../Engine/Plugins/Runtime/CableComponent/Binaries/Win64/UE4Editor-CableComponent.dll (API version 3709383).
LogModuleManager: Display: Found up-to-date module file ../../../Engine/Plugins/Runtime/CustomMeshComponent/Binaries/Win64/UE4Editor-CustomMeshComponent.dll (API version 3709383).
LogModuleManager: Display: Found up-to-date module file ../../../Engine/Plugins/Runtime/ExampleDeviceProfileSelector/Binaries/Win64/UE4Editor-ExampleDeviceProfileSelector.dll (API version 3709383).
LogModuleManager: Display: Found up-to-date module file ../../../Engine/Plugins/Runtime/ImmediatePhysics/Binaries/Win64/UE4Editor-ImmediatePhysics.dll (API version 3709383).
LogModuleManager: Display: Found up-to-date module file ../../../Engine/Plugins/Runtime/ImmediatePhysics/Binaries/Win64/UE4Editor-ImmediatePhysicsEditor.dll (API version 3709383).
LogModuleManager: Display: Found up-to-date module file ../../../Engine/Plugins/Runtime/LocationServicesBPLibrary/Binaries/Win64/UE4Editor-LocationServicesBPLibrary.dll (API version 3709383).
LogModuleManager: Display: Found up-to-date module file ../../../Engine/Plugins/Runtime/MobilePatchingUtils/Binaries/Win64/UE4Editor-MobilePatchingUtils.dll (API version 3709383).
LogModuleManager: Display: Found up-to-date module file ../../../Engine/Plugins/Runtime/Oculus/OculusVR/Binaries/Win64/UE4Editor-OculusHMD.dll (API version 3709383).
LogModuleManager: Display: Found up-to-date module file ../../../Engine/Plugins/Runtime/Oculus/OculusVR/Binaries/Win64/UE4Editor-OculusInput.dll (API version 3709383).
LogModuleManager: Display: Found up-to-date module file ../../../Engine/Plugins/Runtime/Oculus/OculusVR/Binaries/Win64/UE4Editor-OculusEditor.dll (API version 3709383).
LogModuleManager: Display: Found up-to-date module file ../../../Engine/Plugins/Runtime/PhysXVehicles/Binaries/Win64/UE4Editor-PhysXVehicles.dll (API version 3709383).
LogModuleManager: Display: Found up-to-date module file ../../../Engine/Plugins/Runtime/PhysXVehicles/Binaries/Win64/UE4Editor-PhysXVehiclesEditor.dll (API version 3709383).
LogModuleManager: Display: Found up-to-date module file ../../../Engine/Plugins/Runtime/ProceduralMeshComponent/Binaries/Win64/UE4Editor-ProceduralMeshComponent.dll (API version 3709383).
LogModuleManager: Display: Found up-to-date module file ../../../Engine/Plugins/Runtime/ProceduralMeshComponent/Binaries/Win64/UE4Editor-ProceduralMeshComponentEditor.dll (API version 3709383).
LogModuleManager: Display: Found up-to-date module file ../../../Engine/Plugins/Runtime/RuntimePhysXCooking/Binaries/Win64/UE4Editor-RuntimePhysXCooking.dll (API version 3709383).
LogModuleManager: Display: Found up-to-date module file ../../../Engine/Plugins/Runtime/Steam/SteamVR/Binaries/Win64/UE4Editor-SteamVR.dll (API version 3709383).
LogModuleManager: Display: Found up-to-date module file ../../../Engine/Plugins/Runtime/Steam/SteamVR/Binaries/Win64/UE4Editor-SteamVRController.dll (API version 3709383).
LogModuleManager: Display: Found up-to-date module file ../../../Engine/Plugins/Runtime/WindowsMoviePlayer/Binaries/Win64/UE4Editor-WindowsMoviePlayer.dll (API version 3709383).
LogPluginManager: Mounting plugin Paper2D
LogPluginManager: Mounting plugin LightPropagationVolume
LogPluginManager: Mounting plugin CodeLiteSourceCodeAccess
LogPluginManager: Mounting plugin GitSourceControl
LogPluginManager: Mounting plugin KDevelopSourceCodeAccess
LogPluginManager: Mounting plugin NullSourceCodeAccess
LogPluginManager: Mounting plugin PerforceSourceControl
LogPluginManager: Mounting plugin SubversionSourceControl
LogPluginManager: Mounting plugin UObjectPlugin
LogPluginManager: Mounting plugin VisualStudioCodeSourceCodeAccess
LogPluginManager: Mounting plugin VisualStudioSourceCodeAccess
LogPluginManager: Mounting plugin XCodeSourceCodeAccess
LogPluginManager: Mounting plugin AssetManagerEditor
LogPluginManager: Mounting plugin AudioCapture
LogPluginManager: Mounting plugin FacialAnimation
LogPluginManager: Mounting plugin GameplayTagsEditor
LogPluginManager: Mounting plugin MobileLauncherProfileWizard
LogPluginManager: Mounting plugin PluginBrowser
LogPluginManager: Mounting plugin SpeedTreeImporter
LogPluginManager: Mounting plugin AlembicImporter
LogPluginManager: Mounting plugin CharacterAI
LogPluginManager: Mounting plugin HTML5Networking
LogPluginManager: Mounting plugin Substance
LogPluginManager: Mounting plugin AndroidMedia
LogPluginManager: Mounting plugin AvfMedia
LogPluginManager: Mounting plugin ImgMedia
LogPluginManager: Mounting plugin MediaCompositing
LogPluginManager: Mounting plugin MediaPlayerEditor
LogPluginManager: Mounting plugin WmfMedia
LogPluginManager: Mounting plugin TcpMessaging
LogPluginManager: Mounting plugin UdpMessaging
LogPluginManager: Mounting plugin ActorSequence
LogPluginManager: Mounting plugin LevelSequenceEditor
LogPluginManager: Mounting plugin MatineeToLevelSequence
LogPluginManager: Mounting plugin OnlineSubsystemGooglePlay
LogPluginManager: Mounting plugin OnlineSubsystemIOS
LogPluginManager: Mounting plugin OnlineSubsystem
LogPluginManager: Mounting plugin OnlineSubsystemNull
LogPluginManager: Mounting plugin OnlineSubsystemUtils
LogPluginManager: Mounting plugin AndroidDeviceProfileSelector
LogPluginManager: Mounting plugin AndroidMoviePlayer
LogPluginManager: Mounting plugin AndroidPermission
LogPluginManager: Mounting plugin AppleARKit
LogPluginManager: Mounting plugin AppleMoviePlayer
LogPluginManager: Mounting plugin ArchVisCharacter
LogPluginManager: Mounting plugin CableComponent
LogPluginManager: Mounting plugin CustomMeshComponent
LogPluginManager: Mounting plugin ExampleDeviceProfileSelector
LogPluginManager: Mounting plugin GoogleCloudMessaging
LogPluginManager: Mounting plugin ImmediatePhysics
LogPluginManager: Mounting plugin IOSDeviceProfileSelector
LogPluginManager: Mounting plugin LinuxDeviceProfileSelector
LogPluginManager: Mounting plugin LocationServicesBPLibrary
LogPluginManager: Mounting plugin MobilePatchingUtils
LogPluginManager: Mounting plugin OculusVR
LogPluginManager: Plugin shader directory ../../../Engine/Plugins/Runtime/Oculus/OculusVR/Shaders found
LogPluginManager: Mapping shader source directory ../../../Engine/Plugins/Runtime/Oculus/OculusVR/Shaders to virtual directory /Plugin/OculusVR
LogPluginManager: Mounting plugin PhysXVehicles
LogPluginManager: Mounting plugin ProceduralMeshComponent
LogPluginManager: Mounting plugin RuntimePhysXCooking
LogPluginManager: Mounting plugin SteamVR
LogPluginManager: Mounting plugin WindowsMoviePlayer
LogInit: Using libcurl 7.47.1
LogInit:  - built for x86_64-pc-win32
LogInit:  - supports SSL with OpenSSL/1.0.2g
LogInit:  - supports HTTP deflate (compression) using libz 1.2.8
LogInit:  - other features:
LogInit:      CURL_VERSION_SSL
LogInit:      CURL_VERSION_LIBZ
LogInit:      CURL_VERSION_IPV6
LogInit:      CURL_VERSION_ASYNCHDNS
LogInit:      CURL_VERSION_LARGEFILE
LogInit:      CURL_VERSION_IDN
LogInit:  CurlRequestOptions (configurable via config and command line):
LogInit:  - bVerifyPeer = false  - Libcurl will NOT verify peer certificate
LogInit:  - bUseHttpProxy = false  - Libcurl will NOT use HTTP proxy
LogInit:  - bDontReuseConnections = false  - Libcurl will reuse connections
LogInit:  - CertBundlePath = nullptr  - Libcurl will use whatever was configured at build time.
LogInit: Build: ++UE4+Release-4.18-CL-3832480
LogInit: Engine Version: 4.18.3-3832480+++UE4+Release-4.18
LogInit: Compatible Engine Version: 4.18.0-3709383+++UE4+Release-4.18
LogInit: Net CL: 3709383
LogDevObjectVersion: Number of dev versions registered: 16
LogDevObjectVersion:   Dev-Blueprints (B0D832E4-1F89-4F0D-ACCF-7EB736FD4AA2): 10
LogDevObjectVersion:   Dev-Build (E1C64328-A22C-4D53-A36C-8E866417BD8C): 0
LogDevObjectVersion:   Dev-Core (375EC13C-06E4-48FB-B500-84F0262A717E): 2
LogDevObjectVersion:   Dev-Editor (E4B068ED-F494-42E9-A231-DA0B2E46BB41): 20
LogDevObjectVersion:   Dev-Framework (CFFC743F-43B0-4480-9391-14DF171D2073): 30
LogDevObjectVersion:   Dev-Mobile (B02B49B5-BB20-44E9-A304-32B752E40360): 0
LogDevObjectVersion:   Dev-Networking (A4E4105C-59A1-49B5-A7C5-40C4547EDFEE): 0
LogDevObjectVersion:   Dev-Online (39C831C9-5AE6-47DC-9A44-9C173E1C8E7C): 0
LogDevObjectVersion:   Dev-Physics (78F01B33-EBEA-4F98-B9B4-84EACCB95AA2): 0
LogDevObjectVersion:   Dev-Platform (6631380F-2D4D-43E0-8009-CF276956A95A): 0
LogDevObjectVersion:   Dev-Rendering (12F88B9F-8875-4AFC-A67C-D90C383ABD29): 20
LogDevObjectVersion:   Dev-Sequencer (7B5AE74C-D270-4C10-A958-57980B212A5A): 4
LogDevObjectVersion:   Dev-VR (D7296918-1DD6-4BDD-9DE2-64A83CC13884): 0
LogDevObjectVersion:   Dev-LoadTimes (C2A15278-BFE7-4AFE-6C17-90FF531DF755): 1
LogDevObjectVersion:   Private-Geometry (6EACA3D4-40EC-4CC1-B786-8BED09428FC5): 1
LogDevObjectVersion:   Dev-AnimPhys (29E575DD-E0A3-4627-9D10-D276232CDCEA): 12
LogInit: Compiled (64-bit): Jan 12 2018 02:04:55
LogInit: Compiled with Visual C++: 19.00.24215.01
LogInit: Build Configuration: Development
LogInit: Branch Name: ++UE4+Release-4.18
LogInit: Command line: 
LogInit: Base directory: C:/Program Files/Epic Games/UE_4.18/Engine/Binaries/Win64/
LogInit: Installed Engine Build: 1
LogInit: Presizing for max 8388607 objects, including 0 objects not considered by GC, pre-allocating 0 bytes for permanent pool.
LogInit: Object subsystem initialized
[2018.03.11-09.01.04:908][  0]LogInit: Selected Device Profile: [Windows]
[2018.03.11-09.01.04:908][  0]LogInit: Applying CVar settings loaded from the selected device profile: [Windows]
[2018.03.11-09.01.04:955][  0]LogInit: Computer: DESKTOP-G7O3M9R
[2018.03.11-09.01.04:955][  0]LogInit: User: bemon
[2018.03.11-09.01.04:955][  0]LogInit: CPU Page size=4096, Cores=4
[2018.03.11-09.01.04:955][  0]LogInit: High frequency timer resolution =3.320344 MHz
[2018.03.11-09.01.04:956][  0]LogMemory: Memory total: Physical=15.9GB (16GB approx)
[2018.03.11-09.01.04:956][  0]LogMemory: Platform Memory Stats for Windows
[2018.03.11-09.01.04:956][  0]LogMemory: Process Physical Memory: 274.32 MB used, 274.32 MB peak
[2018.03.11-09.01.04:956][  0]LogMemory: Process Virtual Memory: 272.76 MB used, 272.76 MB peak
[2018.03.11-09.01.04:956][  0]LogMemory: Physical Memory: 7931.49 MB used,  8347.53 MB free, 16279.02 MB total
[2018.03.11-09.01.04:956][  0]LogMemory: Virtual Memory: 680.92 MB used,  8347.53 MB free, 134217728.00 MB total
[2018.03.11-09.01.05:457][  0]LogInit: Using OS detected language (pl-PL).
[2018.03.11-09.01.05:457][  0]LogInit: Using OS detected locale (pl-PL).
[2018.03.11-09.01.05:517][  0]LogTextLocalizationManager: No localization for 'pl-PL' exists, so 'en' will be used for the language.
[2018.03.11-09.01.05:517][  0]LogTextLocalizationManager: No localization for 'pl-PL' exists, so 'en' will be used for the locale.
[2018.03.11-09.01.06:085][  0]LogInit: Setting process to per monitor DPI aware
[2018.03.11-09.01.08:333][  0]LogD3D11RHI: D3D11 adapters:
[2018.03.11-09.01.08:391][  0]LogD3D11RHI:    0. 'NVIDIA GeForce GTX 660' (Feature Level 11_0)
[2018.03.11-09.01.08:391][  0]LogD3D11RHI:       2015/0/8139 MB DedicatedVideo/DedicatedSystem/SharedSystem, Outputs:1, VendorId:0x10de
[2018.03.11-09.01.08:395][  0]LogD3D11RHI:    1. 'Intel(R) HD Graphics 4000' (Feature Level 11_0)
[2018.03.11-09.01.08:395][  0]LogD3D11RHI:       32/0/1760 MB DedicatedVideo/DedicatedSystem/SharedSystem, Outputs:1, VendorId:0x8086
[2018.03.11-09.01.08:399][  0]LogD3D11RHI:    2. 'Microsoft Basic Render Driver' (Feature Level 11_0)
[2018.03.11-09.01.08:399][  0]LogD3D11RHI:       0/0/8139 MB DedicatedVideo/DedicatedSystem/SharedSystem, Outputs:0, VendorId:0x1414
[2018.03.11-09.01.08:399][  0]LogD3D11RHI: Chosen D3D11 Adapter: 0
[2018.03.11-09.01.08:407][  0]LogD3D11RHI: Creating new Direct3DDevice
[2018.03.11-09.01.08:407][  0]LogD3D11RHI:     GPU DeviceId: 0x11c0 (for the marketing name, search the web for "GPU Device Id")
[2018.03.11-09.01.08:407][  0]LogWindows: EnumDisplayDevices:
[2018.03.11-09.01.08:407][  0]LogWindows:    0. 'NVIDIA GeForce GTX 660' (P:1 D:1)
[2018.03.11-09.01.08:408][  0]LogWindows:    1. 'NVIDIA GeForce GTX 660' (P:0 D:0)
[2018.03.11-09.01.08:408][  0]LogWindows:    2. 'NVIDIA GeForce GTX 660' (P:0 D:0)
[2018.03.11-09.01.08:408][  0]LogWindows:    3. 'NVIDIA GeForce GTX 660' (P:0 D:0)
[2018.03.11-09.01.08:408][  0]LogWindows:    4. 'Intel(R) HD Graphics 4000' (P:0 D:1)
[2018.03.11-09.01.08:408][  0]LogWindows:    5. 'Intel(R) HD Graphics 4000' (P:0 D:0)
[2018.03.11-09.01.08:408][  0]LogWindows:    6. 'Intel(R) HD Graphics 4000' (P:0 D:0)
[2018.03.11-09.01.08:408][  0]LogWindows: DebugString: GetVideoDriverDetailsInvalid PrimaryIsNotTheChoosenAdapter GetVideoDriverDetailsInvalid PrimaryIsNotTheChoosenAdapter GetVideoDriverDetailsInvalid PrimaryIsNotTheChoosenAdapter GetVideoDriverDetailsInvalid PrimaryIsNotTheChoosenAdapter GetVideoDriverDetailsInvalid PrimaryIsNotTheChoosenAdapter GetVideoDriverDetailsInvalid PrimaryIsNotTheChoosenAdapter GetVideoDriverDetailsInvalid PrimaryIsNotTheChoosenAdapter FoundDriverCount:0 
[2018.03.11-09.01.08:408][  0]LogD3D11RHI:     Adapter Name: NVIDIA GeForce GTX 660
[2018.03.11-09.01.08:408][  0]LogD3D11RHI:   Driver Version: Unknown (internal:Unknown, unified:Unknown)
[2018.03.11-09.01.08:408][  0]LogD3D11RHI:      Driver Date: Unknown
[2018.03.11-09.01.08:408][  0]LogRHI: Texture pool is 1411 MB (70% of 2015 MB)
[2018.03.11-09.01.08:447][  0]LogD3D11RHI: Async texture creation enabled
[2018.03.11-09.01.08:581][  0]LogD3D11RHI: GPU Timing Frequency: 1000.000000 (Debug: 2 1)
[2018.03.11-09.01.08:631][  0]LogShaderCompilers: Guid format shader working directory is -25 characters bigger than the processId version (../../../../../../Users/bemon/Documents/Unreal Projects/mad-hamish/src/Intermediate/Shaders/WorkingDirectory/17508/).
[2018.03.11-09.01.08:631][  0]LogShaderCompilers: Cleaned the shader compiler working directory 'C:/Users/bemon/AppData/Local/Temp/UnrealShaderWorkingDir/133833854494547E001BF382BE6A7896/'.
[2018.03.11-09.01.08:632][  0]LogShaderCompilers: Display: Using Local Shader Compiler.
[2018.03.11-09.01.10:735][  0]LogTemp: Display: Loaded TP AllDesktopTargetPlatform
[2018.03.11-09.01.10:807][  0]LogTemp: Display: Loaded TP MacClientTargetPlatform
[2018.03.11-09.01.10:891][  0]LogTemp: Display: Loaded TP MacNoEditorTargetPlatform
[2018.03.11-09.01.10:961][  0]LogTemp: Display: Loaded TP MacServerTargetPlatform
[2018.03.11-09.01.11:033][  0]LogTemp: Display: Loaded TP MacTargetPlatform
[2018.03.11-09.01.11:103][  0]LogTemp: Display: Loaded TP WindowsClientTargetPlatform
[2018.03.11-09.01.11:171][  0]LogTemp: Display: Loaded TP WindowsNoEditorTargetPlatform
[2018.03.11-09.01.11:239][  0]LogTemp: Display: Loaded TP WindowsServerTargetPlatform
[2018.03.11-09.01.11:301][  0]LogTemp: Display: Loaded TP WindowsTargetPlatform
[2018.03.11-09.01.11:375][  0]LogTemp: Display: Loaded TP Android_ASTCTargetPlatform
[2018.03.11-09.01.11:458][  0]LogTemp: Display: Loaded TP Android_ATCTargetPlatform
[2018.03.11-09.01.11:532][  0]LogTemp: Display: Loaded TP Android_DXTTargetPlatform
[2018.03.11-09.01.11:622][  0]LogTemp: Display: Loaded TP Android_ETC1TargetPlatform
[2018.03.11-09.01.11:698][  0]LogTemp: Display: Loaded TP Android_ETC2TargetPlatform
[2018.03.11-09.01.11:836][  0]LogTemp: Display: Loaded TP Android_MultiTargetPlatform
[2018.03.11-09.01.11:836][  0]LogTemp: Display: Loaded TP Android_PVRTCTargetPlatform
[2018.03.11-09.01.11:909][  0]LogTemp: Display: Loaded TP AndroidTargetPlatform
[2018.03.11-09.01.11:980][  0]LogTemp: Display: Loaded TP HTML5TargetPlatform
[2018.03.11-09.01.12:106][  0]LogTemp: Display: Loaded TP IOSTargetPlatform
[2018.03.11-09.01.12:170][  0]LogTemp: Display: Loaded TP TVOSTargetPlatform
[2018.03.11-09.01.12:251][  0]LogTemp: Display: Loaded TP LinuxClientTargetPlatform
[2018.03.11-09.01.12:317][  0]LogTemp: Display: Loaded TP LinuxNoEditorTargetPlatform
[2018.03.11-09.01.12:382][  0]LogTemp: Display: Loaded TP LinuxServerTargetPlatform
[2018.03.11-09.01.12:452][  0]LogTemp: Display: Loaded TP LinuxTargetPlatform
[2018.03.11-09.01.12:452][  0]LogTargetPlatformManager: Display: Building Assets For Windows
[2018.03.11-09.01.13:290][  0]LogDerivedDataCache: Display: Max Cache Size: 512 MB
[2018.03.11-09.01.13:356][  0]LogDerivedDataCache: Loaded boot cache 0.07s 9MB C:/Users/bemon/AppData/Local/UnrealEngine/4.18/DerivedDataCache/Boot.ddc.
[2018.03.11-09.01.13:357][  0]LogDerivedDataCache: Display: Loaded Boot cache: C:/Users/bemon/AppData/Local/UnrealEngine/4.18/DerivedDataCache/Boot.ddc
[2018.03.11-09.01.13:357][  0]LogDerivedDataCache: FDerivedDataBackendGraph:  Pak pak cache file ../../../../../../Users/bemon/Documents/Unreal Projects/mad-hamish/src/DerivedDataCache/DDC.ddp not found, will not use a pak cache.
[2018.03.11-09.01.13:357][  0]LogDerivedDataCache: Unable to find inner node Pak for hierarchical cache Hierarchy.
[2018.03.11-09.01.13:357][  0]LogDerivedDataCache: FDerivedDataBackendGraph:  CompressedPak pak cache file ../../../../../../Users/bemon/Documents/Unreal Projects/mad-hamish/src/DerivedDataCache/Compressed.ddp not found, will not use a pak cache.
[2018.03.11-09.01.13:357][  0]LogDerivedDataCache: Unable to find inner node CompressedPak for hierarchical cache Hierarchy.
[2018.03.11-09.01.13:410][  0]LogDerivedDataCache: Display: Pak cache opened for reading ../../../Engine/DerivedDataCache/Compressed.ddp.
[2018.03.11-09.01.13:423][  0]LogDerivedDataCache: Using Local data cache path C:/Users/bemon/AppData/Local/UnrealEngine/Common/DerivedDataCache: Writable
[2018.03.11-09.01.13:462][  0]LogMaterial: Verifying Global Shaders for PCD3D_SM5
[2018.03.11-09.01.13:470][  0]LogSlate: Using Freetype 2.6.0
[2018.03.11-09.01.13:489][  0]LogSlate: SlateFontCache - WITH_FREETYPE: 1, WITH_HARFBUZZ: 1
[2018.03.11-09.01.13:489][  0]LogSlate: SlateFontCache - WITH_FREETYPE: 1, WITH_HARFBUZZ: 1
[2018.03.11-09.01.14:620][  0]LogInit: Selected Device Profile: [Windows]
[2018.03.11-09.01.15:459][  0]LogSimplygon: Simplygon DLL not present - disabling.
[2018.03.11-09.01.15:517][  0]LogMeshReduction: Using SimplygonSwarm for distributed automatic mesh merging
[2018.03.11-09.01.15:518][  0]LogMeshReduction: Using QuadricMeshReduction for automatic static mesh reduction
[2018.03.11-09.01.15:518][  0]LogMeshReduction: No automatic skeletal mesh reduction module available
[2018.03.11-09.01.15:518][  0]LogMeshReduction: No automatic mesh merging module available
[2018.03.11-09.01.15:518][  0]LogMeshMerging: No automatic mesh merging module available
[2018.03.11-09.01.15:608][  0]LogNetVersion: src , NetCL: 3709383, EngineNetVer: 2, GameNetVer: 0 (Checksum: 2999231980)
[2018.03.11-09.01.16:139][  0]LogAssetRegistry: FAssetRegistry took 0.0386 seconds to start up
[2018.03.11-09.01.17:881][  0]LogPackageLocalizationCache: Processed 7 localized package path(s) for 1 prioritized culture(s) in 0.046806 seconds
[2018.03.11-09.01.17:888][  0]LogUObjectArray: 35870 objects as part of root set at end of initial load.
[2018.03.11-09.01.17:888][  0]LogUObjectAllocator: 7363704 out of 0 bytes used by permanent object pool.
[2018.03.11-09.01.17:888][  0]LogUObjectArray: CloseDisregardForGC: 0/0 objects in disregard for GC pool
[2018.03.11-09.01.17:961][  0]LogInit: WinSock: version 1.1 (2.2), MaxSocks=32767, MaxUdp=65467
[2018.03.11-09.01.25:100][  0]LogSubstanceCoreModule: Substance [CPU] Engine Loaded, Max Texture Size = 2048
[2018.03.11-09.01.25:170][  0]LogTcpMessaging: Initializing TcpMessaging bridge
[2018.03.11-09.01.25:224][  0]LogUdpMessaging: Initializing bridge on interface 0.0.0.0:0 to multicast group 230.0.0.1:6666.
[2018.03.11-09.01.26:469][  0]LogMaterial: Uniform references updated for custom material expression Custom.
[2018.03.11-09.01.27:254][  0]SourceControl: Source control is disabled
[2018.03.11-09.01.29:306][  0]LogAndroidPermission: UAndroidPermissionCallbackProxy::GetInstance
[2018.03.11-09.01.29:714][  0]LogOcInput: OculusInput pre-init called
[2018.03.11-09.01.30:761][  0]LogEngine: Initializing Engine...
[2018.03.11-09.01.30:766][  0]LogHMD: Failed to initialize OpenVR with code 110
[2018.03.11-09.01.31:477][  0]LogStats: UGameplayTagsManager::ConstructGameplayTagTree: Construct from data asset -  0.000 s
[2018.03.11-09.01.31:478][  0]LogStats: UGameplayTagsManager::ConstructGameplayTagTree: GameplayTagTreeChangedEvent.Broadcast -  0.000 s
[2018.03.11-09.01.31:693][  0]LogAIModule: Creating AISystem for world Untitled
[2018.03.11-09.01.31:720][  0]LogInit: XAudio2 using 'Głośniki (Urządzenie zgodne ze standardem High Definition Audio)' : 2 channels at 48 kHz using 16 bits per sample (channel mask 0x3)
[2018.03.11-09.01.31:753][  0]LogInit: FAudioDevice initialized.
[2018.03.11-09.01.31:827][  0]LogDerivedDataCache: Saved boot cache 0.07s 79MB C:/Users/bemon/AppData/Local/UnrealEngine/4.18/DerivedDataCache/Boot.ddc.
[2018.03.11-09.01.31:836][  0]LogInit: Texture streaming: Enabled
[2018.03.11-09.01.31:988][  0]LogEngineSessionManager: EngineSessionManager initialized
[2018.03.11-09.01.31:988][  0]LogEngineSessionManager: EngineSessionManager sent abnormal shutdown report. Type=AbnormalShutdown, SessionId={4B268C76-4614-F30F-2F97-2E9918A8EE41}
[2018.03.11-09.01.31:988][  0]LogEngineSessionManager: EngineSessionManager sent abnormal shutdown report. Type=AbnormalShutdown, SessionId={1C662B47-4191-C61C-2529-2A8DFF22EEBC}
[2018.03.11-09.01.32:172][  0]LogInit: Transaction tracking system initialized
[2018.03.11-09.01.32:727][  0]BlueprintLog: New page: Editor Load
[2018.03.11-09.01.34:300][  0]LocalizationService: Localization service is disabled
[2018.03.11-09.01.35:668][  0]LogConsoleResponse: Display: 
[2018.03.11-09.01.36:261][  0]LogCook: Display: Max memory allowance for cook 16384mb min free memory 0mb
[2018.03.11-09.01.36:261][  0]LogCook: Display: Mobile HDR setting 1
[2018.03.11-09.01.36:262][  0]LogFileCache: Scanning file cache for directory 'C:/Users/bemon/Documents/Unreal Projects/mad-hamish/src/Content/' took 0.02s
[2018.03.11-09.01.36:262][  0]LogGameplayTags: Display: UGameplayTagsManager::DoneAddingNativeTags. DelegateIsBound: 0
[2018.03.11-09.01.38:100][  0]Cmd: MAP LOAD FILE="../../../../../../Users/bemon/Documents/Unreal Projects/mad-hamish/src/Content/Levels/Level1.umap" TEMPLATE=0 SHOWPROGRESS=1 FEATURELEVEL=3
[2018.03.11-09.01.38:101][  0]LightingResults: New page: Lighting Build
[2018.03.11-09.01.38:205][  0]MapCheck: New page: Map Check
[2018.03.11-09.01.38:205][  0]LightingResults: New page: Lighting Build
[2018.03.11-09.01.39:264][  0]LogLinker: Warning: Can't find file '/Game/StarterContent/Particles/Materials/M_Radial_Gradient'
[2018.03.11-09.01.39:264][  0]LogLinker: Warning: Can't find file for asset '/Game/StarterContent/Particles/Materials/M_Radial_Gradient' while loading ../../../../../../Users/bemon/Documents/Unreal Projects/mad-hamish/src/Content/Particles/P_Sparks.uasset.
[2018.03.11-09.01.39:264][  0]LoadErrors: Error: /Game/Particles/P_Sparks : Can't find file for asset. /Game/StarterContent/Particles/Materials/M_Radial_Gradient
[2018.03.11-09.01.39:265][  0]LogLinker: Warning: Can't find file '/Game/StarterContent/Particles/Materials/M_smoke_subUV'
[2018.03.11-09.01.39:265][  0]LogLinker: Warning: Can't find file for asset '/Game/StarterContent/Particles/Materials/M_smoke_subUV' while loading ../../../../../../Users/bemon/Documents/Unreal Projects/mad-hamish/src/Content/Particles/P_Sparks.uasset.
[2018.03.11-09.01.39:265][  0]LoadErrors: Error: /Game/Particles/P_Sparks : Can't find file for asset. /Game/StarterContent/Particles/Materials/M_smoke_subUV
[2018.03.11-09.01.39:265][  0]LogLinker: Warning: Can't find file '/Game/StarterContent/Particles/Materials/M_Spark'
[2018.03.11-09.01.39:265][  0]LogLinker: Warning: Can't find file for asset '/Game/StarterContent/Particles/Materials/M_Spark' while loading ../../../../../../Users/bemon/Documents/Unreal Projects/mad-hamish/src/Content/Particles/P_Sparks.uasset.
[2018.03.11-09.01.39:265][  0]LoadErrors: Error: /Game/Particles/P_Sparks : Can't find file for asset. /Game/StarterContent/Particles/Materials/M_Spark
[2018.03.11-09.01.39:265][  0]LogLinker: Warning: Can't find file '/Game/StarterContent/Particles/Materials/M_Radial_Gradient'
[2018.03.11-09.01.39:265][  0]LogLinker: Warning: Can't find file for asset '/Game/StarterContent/Particles/Materials/M_Radial_Gradient' while loading ../../../../../../Users/bemon/Documents/Unreal Projects/mad-hamish/src/Content/Particles/P_Sparks.uasset.
[2018.03.11-09.01.39:265][  0]LoadErrors: Error: /Game/Particles/P_Sparks : Can't find file for asset. /Game/StarterContent/Particles/Materials/M_Radial_Gradient
[2018.03.11-09.01.39:265][  0]LogLinker: Warning: Can't find file '/Game/StarterContent/Particles/Materials/M_smoke_subUV'
[2018.03.11-09.01.39:266][  0]LogLinker: Warning: Can't find file for asset '/Game/StarterContent/Particles/Materials/M_smoke_subUV' while loading ../../../../../../Users/bemon/Documents/Unreal Projects/mad-hamish/src/Content/Particles/P_Sparks.uasset.
[2018.03.11-09.01.39:266][  0]LoadErrors: Error: /Game/Particles/P_Sparks : Can't find file for asset. /Game/StarterContent/Particles/Materials/M_smoke_subUV
[2018.03.11-09.01.39:266][  0]LogLinker: Warning: Can't find file '/Game/StarterContent/Particles/Materials/M_Spark'
[2018.03.11-09.01.39:266][  0]LogLinker: Warning: Can't find file for asset '/Game/StarterContent/Particles/Materials/M_Spark' while loading ../../../../../../Users/bemon/Documents/Unreal Projects/mad-hamish/src/Content/Particles/P_Sparks.uasset.
[2018.03.11-09.01.39:266][  0]LoadErrors: Error: /Game/Particles/P_Sparks : Can't find file for asset. /Game/StarterContent/Particles/Materials/M_Spark
[2018.03.11-09.01.39:431][  0]LogLinker: Warning: Can't find file '/Game/StarterContent/Particles/Materials/M_Spark'
[2018.03.11-09.01.39:431][  0]LoadErrors: Failed to load /Game/StarterContent/Particles/Materials/M_Spark.M_Spark Referenced by ParticleModuleRequired_0
[2018.03.11-09.01.39:432][  0]LogLinker: Warning: Can't find file for asset '/Game/StarterContent/Particles/Materials/M_Spark' while loading NULL.
[2018.03.11-09.01.39:432][  0]LoadErrors: Failed to load /Game/StarterContent/Particles/Materials/M_Spark.M_Spark Referenced by ParticleModuleRequired_0
[2018.03.11-09.01.39:432][  0]LogLinker: Warning: Can't find file '/Game/StarterContent/Particles/Materials/M_smoke_subUV'
[2018.03.11-09.01.39:432][  0]LoadErrors: Failed to load /Game/StarterContent/Particles/Materials/M_smoke_subUV.M_smoke_subUV Referenced by ParticleModuleRequired_1
[2018.03.11-09.01.39:432][  0]LogLinker: Warning: Can't find file for asset '/Game/StarterContent/Particles/Materials/M_smoke_subUV' while loading NULL.
[2018.03.11-09.01.39:432][  0]LoadErrors: Failed to load /Game/StarterContent/Particles/Materials/M_smoke_subUV.M_smoke_subUV Referenced by ParticleModuleRequired_1
[2018.03.11-09.01.39:433][  0]LogLinker: Warning: Can't find file '/Game/StarterContent/Particles/Materials/M_Radial_Gradient'
[2018.03.11-09.01.39:433][  0]LoadErrors: Failed to load /Game/StarterContent/Particles/Materials/M_Radial_Gradient.M_Radial_Gradient Referenced by ParticleModuleRequired_4
[2018.03.11-09.01.39:433][  0]LogLinker: Warning: Can't find file for asset '/Game/StarterContent/Particles/Materials/M_Radial_Gradient' while loading NULL.
[2018.03.11-09.01.39:433][  0]LoadErrors: Failed to load /Game/StarterContent/Particles/Materials/M_Radial_Gradient.M_Radial_Gradient Referenced by ParticleModuleRequired_4
[2018.03.11-09.01.40:132][  0]LogAIModule: Creating AISystem for world Level1
[2018.03.11-09.01.40:221][  0]LogEditorServer: Finished looking for orphan Actors (0.000 secs)
[2018.03.11-09.01.40:240][  0]Cmd: MAP CHECKDEP NOCLEARLOG
[2018.03.11-09.01.40:311][  0]MapCheck: Map check complete: 0 Error(s), 0 Warning(s), took 70.577ms to complete.
[2018.03.11-09.01.40:311][  0]LogFileHelpers: Loading map 'Level1' took 2.213
[2018.03.11-09.01.40:628][  0]LogCollectionManager: Loaded 0 collections in 0.002538 seconds
[2018.03.11-09.01.40:751][  0]LogFileCache: Scanning file cache for directory 'C:/Users/bemon/Documents/Unreal Projects/mad-hamish/src/Saved/Collections/' took 0.01s
[2018.03.11-09.01.40:751][  0]LogFileCache: Scanning file cache for directory 'C:/Users/bemon/Documents/Unreal Projects/mad-hamish/src/Content/Developers/bemon/Collections/' took 0.01s
[2018.03.11-09.01.40:751][  0]LogFileCache: Scanning file cache for directory 'C:/Users/bemon/Documents/Unreal Projects/mad-hamish/src/Content/Collections/' took 0.01s
[2018.03.11-09.01.40:751][  0]LogCollectionManager: Rebuilt the GUID cache for 0 collections in 0.000001 seconds
[2018.03.11-09.01.40:764][  0]LogContentBrowser: Native class hierarchy populated in 0.0105 seconds. Added 2377 classes and 525 folders.
[2018.03.11-09.01.40:875][  0]LogContentBrowser: Native class hierarchy updated for 'WidgetCarousel' in 0.0002 seconds. Added 0 classes and 0 folders.
[2018.03.11-09.01.41:310][  0]LogContentBrowser: Native class hierarchy updated for 'AddContentDialog' in 0.0004 seconds. Added 0 classes and 0 folders.
[2018.03.11-09.01.41:380][  0]LogContentBrowser: Native class hierarchy updated for 'SceneOutliner' in 0.0003 seconds. Added 1 classes and 2 folders.
[2018.03.11-09.01.41:649][  0]LogSlate: Took 0.007192 seconds to synchronously load lazily loaded font '../../../Engine/Content/Slate/Fonts/Roboto-Regular.ttf' (155K)
[2018.03.11-09.01.41:658][  0]LogSlate: Took 0.005621 seconds to synchronously load lazily loaded font '../../../Engine/Content/Slate/Fonts/Roboto-Bold.ttf' (160K)
[2018.03.11-09.01.41:673][  0]LogSlate: Took 0.006386 seconds to synchronously load lazily loaded font '../../../Engine/Content/Editor/Slate/Fonts/FontAwesome.ttf' (139K)
[2018.03.11-09.01.41:985][  0]LogContentBrowser: Native class hierarchy updated for 'HierarchicalLODOutliner' in 0.0003 seconds. Added 1 classes and 2 folders.
[2018.03.11-09.01.41:985][  0]LogLoad: (Engine Initialization) Total time: 42.47 seconds
[2018.03.11-09.01.41:985][  0]LogLoad: (Engine Initialization) Total Blueprint compile time: 0.00 seconds
[2018.03.11-09.01.41:985][  0]LogExternalProfiler: Found external profiler: VSPerf
[2018.03.11-09.01.41:985][  0]LogExternalProfiler: Using external profiler: VSPerf
[2018.03.11-09.01.42:036][  0]SourceControl: On branch tank_model
[2018.03.11-09.01.42:036][  0]SourceControl: Your branch is up-to-date with 'origin/tank_model'.
[2018.03.11-09.01.42:036][  0]SourceControl: Changes to be committed:
[2018.03.11-09.01.42:036][  0]SourceControl:   (use "git reset HEAD <file>..." to unstage)
[2018.03.11-09.01.42:036][  0]SourceControl: 	new file:   src/Content/Gravity.uasset
[2018.03.11-09.01.42:036][  0]SourceControl: 	new file:   src/Content/Materials/NewMaterial.uasset
[2018.03.11-09.01.42:036][  0]SourceControl: 	new file:   src/Content/Materials/Tree2.uasset
[2018.03.11-09.01.42:036][  0]SourceControl: 	new file:   src/Content/Materials/tree_2_DefaultMaterial_BaseColor.uasset
[2018.03.11-09.01.42:036][  0]SourceControl: 	new file:   src/Content/Materials/tree_2_DefaultMaterial_Normal.uasset
[2018.03.11-09.01.42:036][  0]SourceControl: 	new file:   src/Content/Materials/tree_2_DefaultMaterial_OcclusionRoughnessMetallic.uasset
[2018.03.11-09.01.42:036][  0]SourceControl: 	new file:   src/Content/SEQ3.uasset
[2018.03.11-09.01.42:036][  0]SourceControl: 	new file:   src/Content/SEQ5.uasset
[2018.03.11-09.01.42:036][  0]SourceControl: 	new file:   src/Content/SEQ_2.uasset
[2018.03.11-09.01.42:036][  0]SourceControl: 	new file:   src/Content/SEQ_Start.uasset
[2018.03.11-09.01.42:036][  0]SourceControl: 	new file:   src/Content/Splash/Splash.bmp
[2018.03.11-09.01.42:037][  0]SourceControl: 	new file:   src/Content/Splash/Splash.png
[2018.03.11-09.01.42:037][  0]SourceControl: 	new file:   src/Content/Textures/tank_barier_2_DefaultMaterial_BaseColor.uasset
[2018.03.11-09.01.42:037][  0]SourceControl: 	new file:   src/Content/Textures/tank_barier_2_DefaultMaterial_Normal.uasset
[2018.03.11-09.01.42:037][  0]SourceControl: 	new file:   src/Content/Textures/tank_barier_2_DefaultMaterial_OcclusionRoughnessMetallic.uasset
[2018.03.11-09.01.42:037][  0]SourceControl: 	new file:   src/Content/sounds/muza_finito_Cue.uasset
[2018.03.11-09.01.42:037][  0]SourceControl: 	new file:   src/Content/sounds/wojna.uasset
[2018.03.11-09.01.42:037][  0]SourceControl: 	new file:   src/Content/sounds/wojna_Cue.uasset
[2018.03.11-09.01.42:037][  0]SourceControl: Changes not staged for commit:
[2018.03.11-09.01.42:037][  0]SourceControl:   (use "git add/rm <file>..." to update what will be committed)
[2018.03.11-09.01.42:037][  0]SourceControl:   (use "git checkout -- <file>..." to discard changes in working directory)
[2018.03.11-09.01.42:037][  0]SourceControl: 	modified:   src/Config/DefaultEngine.ini
[2018.03.11-09.01.42:037][  0]SourceControl: 	modified:   src/Config/DefaultInput.ini
[2018.03.11-09.01.42:037][  0]SourceControl: 	modified:   src/Content/Blueprints/Bullet.uasset
[2018.03.11-09.01.42:037][  0]SourceControl: 	modified:   src/Content/Blueprints/Tank.uasset
[2018.03.11-09.01.42:037][  0]SourceControl: 	modified:   src/Content/Gravity.uasset
[2018.03.11-09.01.42:037][  0]SourceControl: 	modified:   src/Content/Levels/Level1.umap
[2018.03.11-09.01.42:037][  0]SourceControl: 	modified:   src/Content/Materials/M_Tree_Leaf_Base_Solid_Inst.uasset
[2018.03.11-09.01.42:037][  0]SourceControl: 	modified:   src/Content/SEQ3.uasset
[2018.03.11-09.01.42:037][  0]SourceControl: 	modified:   src/Content/SEQ_2.uasset
[2018.03.11-09.01.42:037][  0]SourceControl: 	modified:   src/Content/SEQ_Start.uasset
[2018.03.11-09.01.42:037][  0]SourceControl: 	deleted:    src/Content/Splash/Splash.png
[2018.03.11-09.01.42:037][  0]SourceControl: 	modified:   src/Content/Tree2.uasset
[2018.03.11-09.01.42:037][  0]SourceControl: 	modified:   src/Content/barrier_2.uasset
[2018.03.11-09.01.42:037][  0]SourceControl: 	modified:   src/Intermediate/AssetRegistryCache/c90e3f55.bin
[2018.03.11-09.01.42:037][  0]SourceControl: 	modified:   src/Intermediate/CachedAssetRegistry.bin
[2018.03.11-09.01.42:037][  0]SourceControl: 	modified:   src/Intermediate/Config/CoalescedSourceConfigs/Engine.ini
[2018.03.11-09.01.42:037][  0]SourceControl: 	modified:   src/Intermediate/Config/CoalescedSourceConfigs/Input.ini
[2018.03.11-09.01.42:037][  0]SourceControl: 	modified:   src/Intermediate/ReimportCache/3688439234.bin
[2018.03.11-09.01.42:037][  0]SourceControl: 	modified:   src/Saved/AutoScreenshot.png
[2018.03.11-09.01.42:037][  0]SourceControl: 	modified:   src/Saved/Autosaves/Game/Blueprints/Tank_Auto5.uasset
[2018.03.11-09.01.42:037][  0]SourceControl: 	modified:   src/Saved/Autosaves/Game/Blueprints/Tank_Auto6.uasset
[2018.03.11-09.01.42:037][  0]SourceControl: 	modified:   src/Saved/Autosaves/Game/Materials/M_Tree_Leaf_Base_Solid_Inst_Auto7.uasset
[2018.03.11-09.01.42:037][  0]SourceControl: 	modified:   src/Saved/Autosaves/Game/Materials/M_Tree_Leaf_Base_Solid_Inst_Auto8.uasset
[2018.03.11-09.01.42:037][  0]SourceControl: 	modified:   src/Saved/Config/Windows/Editor.ini
[2018.03.11-09.01.42:037][  0]SourceControl: 	modified:   src/Saved/Config/Windows/EditorPerProjectUserSettings.ini
[2018.03.11-09.01.42:037][  0]SourceControl: 	modified:   src/Saved/Config/Windows/Game.ini
[2018.03.11-09.01.42:037][  0]SourceControl: 	modified:   src/Saved/Logs/src.log
[2018.03.11-09.01.42:037][  0]SourceControl: Untracked files:
[2018.03.11-09.01.42:037][  0]SourceControl:   (use "git add <file>..." to include in what will be committed)
[2018.03.11-09.01.42:037][  0]SourceControl: 	bin/
[2018.03.11-09.01.42:037][  0]SourceControl: 	src/Binaries/
[2018.03.11-09.01.42:037][  0]SourceControl: 	src/Build/
[2018.03.11-09.01.42:037][  0]SourceControl: 	src/Content/Textures/T_Bush_Squiggly.uasset
[2018.03.11-09.01.42:037][  0]SourceControl: 	src/Content/Textures/T_Grass_A.uasset
[2018.03.11-09.01.42:037][  0]SourceControl: 	src/Content/Textures/T_MaskedPaper_Screen.uasset
[2018.03.11-09.01.42:037][  0]SourceControl: 	src/Content/Textures/T_Mushroom_A.uasset
[2018.03.11-09.01.42:037][  0]SourceControl: 	src/Content/Textures/T_Rock_Cliff_D.uasset
[2018.03.11-09.01.42:037][  0]SourceControl: 	src/Content/Textures/T_ShapeNormal.uasset
[2018.03.11-09.01.42:037][  0]SourceControl: 	src/Content/Textures/T_Splotches_A.uasset
[2018.03.11-09.01.42:037][  0]SourceControl: 	src/Content/Textures/T_StoneWall_A.uasset
[2018.03.11-09.01.42:037][  0]SourceControl: 	src/Content/Textures/T_Sun_Sheet.uasset
[2018.03.11-09.01.42:038][  0]SourceControl: 	src/Content/Textures/T_TexturedPaper.uasset
[2018.03.11-09.01.42:038][  0]SourceControl: 	src/Content/Textures/T_Water_N.uasset
[2018.03.11-09.01.42:038][  0]SourceControl: 	src/Content/Textures/T_Water_Waves_M.uasset
[2018.03.11-09.01.42:038][  0]SourceControl: 	src/Content/Textures/T_Wood_Sheet.uasset
[2018.03.11-09.01.42:038][  0]SourceControl: 	src/Intermediate/AssetRegistryCache/30e49709.bin
[2018.03.11-09.01.42:038][  0]SourceControl: 	src/Intermediate/Build/
[2018.03.11-09.01.42:038][  0]SourceControl: 	src/Intermediate/Source/
[2018.03.11-09.01.42:038][  0]SourceControl: 	src/Intermediate/Staging/
[2018.03.11-09.01.42:038][  0]SourceControl: 	src/Saved/Autosaves/Game/Blueprints/Bad_Tank_Auto3.uasset
[2018.03.11-09.01.42:038][  0]SourceControl: 	src/Saved/Autosaves/Game/Blueprints/Tank_Auto8.uasset
[2018.03.11-09.01.42:038][  0]SourceControl: 	src/Saved/Autosaves/Game/Gravity_Auto5.uasset
[2018.03.11-09.01.42:038][  0]SourceControl: 	src/Saved/Autosaves/Game/Gravity_Auto7.uasset
[2018.03.11-09.01.42:038][  0]SourceControl: 	src/Saved/Autosaves/Game/Gravity_Auto8.uasset
[2018.03.11-09.01.42:038][  0]SourceControl: 	src/Saved/Autosaves/Game/Levels/Level1_Auto0.umap
[2018.03.11-09.01.42:038][  0]SourceControl: 	src/Saved/Autosaves/Game/Levels/Level1_Auto1.umap
[2018.03.11-09.01.42:038][  0]SourceControl: 	src/Saved/Autosaves/Game/Levels/Level1_Auto2.umap
[2018.03.11-09.01.42:038][  0]SourceControl: 	src/Saved/Autosaves/Game/Levels/Level1_Auto3.umap
[2018.03.11-09.01.42:038][  0]SourceControl: 	src/Saved/Autosaves/Game/Levels/Level1_Auto4.umap
[2018.03.11-09.01.42:038][  0]SourceControl: 	src/Saved/Autosaves/Game/Levels/Level1_BuiltData_Auto4.uasset
[2018.03.11-09.01.42:038][  0]SourceControl: 	src/Saved/Autosaves/Game/Materials/M_Tree_Leaf_Base_Solid_Auto4.uasset
[2018.03.11-09.01.42:038][  0]SourceControl: 	src/Saved/Autosaves/Game/Materials/M_Tree_Leaf_Base_Solid_Inst_Auto0.uasset
[2018.03.11-09.01.42:038][  0]SourceControl: 	src/Saved/Autosaves/Game/Materials/M_Tree_Leaf_Base_Solid_Inst_Auto5.uasset
[2018.03.11-09.01.42:038][  0]SourceControl: 	src/Saved/Autosaves/Game/Materials/M_Tree_Leaf_Base_Solid_Inst_Auto9.uasset
[2018.03.11-09.01.42:038][  0]SourceControl: 	src/Saved/Autosaves/Game/Materials/NewMaterial_Auto2.uasset
[2018.03.11-09.01.42:038][  0]SourceControl: 	src/Saved/Autosaves/Game/Models/tree_1_Auto4.uasset
[2018.03.11-09.01.42:038][  0]SourceControl: 	src/Saved/Autosaves/Game/Particles/P_Fire_Auto3.uasset
[2018.03.11-09.01.42:038][  0]SourceControl: 	src/Saved/Autosaves/Game/SEQ_2_Auto1.uasset
[2018.03.11-09.01.42:038][  0]SourceControl: 	src/Saved/Autosaves/Game/SEQ_2_Auto2.uasset
[2018.03.11-09.01.42:038][  0]SourceControl: 	src/Saved/Autosaves/Game/SEQ_Start_Auto0.uasset
[2018.03.11-09.01.42:038][  0]SourceControl: 	src/Saved/Autosaves/Game/SEQ_Start_Auto1.uasset
[2018.03.11-09.01.42:038][  0]SourceControl: 	src/Saved/Autosaves/Game/Textures/tank_barier_2_DefaultMaterial_BaseColor_Auto2.uasset
[2018.03.11-09.01.42:038][  0]SourceControl: 	src/Saved/Autosaves/Game/Textures/tank_barier_2_DefaultMaterial_Normal_Auto2.uasset
[2018.03.11-09.01.42:038][  0]SourceControl: 	src/Saved/Autosaves/Game/Textures/tank_barier_2_DefaultMaterial_OcclusionRoughnessMetallic_Auto2.uasset
[2018.03.11-09.01.42:038][  0]SourceControl: 	src/Saved/Autosaves/Game/barrier_2_Auto2.uasset
[2018.03.11-09.01.42:038][  0]SourceControl: 	src/Saved/Autosaves/Game/hamster_Auto3.uasset
[2018.03.11-09.01.42:038][  0]SourceControl: 	src/Saved/Autosaves/Game/sounds/
[2018.03.11-09.01.42:038][  0]SourceControl: 	src/Saved/Autosaves/Game/wood_fire_Auto2.uasset
[2018.03.11-09.01.42:038][  0]SourceControl: 	src/Saved/Autosaves/Game/wood_fire_Auto3.uasset
[2018.03.11-09.01.42:038][  0]SourceControl: 	src/Saved/Autosaves/Game/wood_fire_Auto4.uasset
[2018.03.11-09.01.42:038][  0]SourceControl: 	src/Saved/Backup/Bad_Tank_2018-03-10-13-41-43.uasset
[2018.03.11-09.01.42:038][  0]SourceControl: 	src/Saved/Backup/Bad_Tank_2018-03-10-13-47-02.uasset
[2018.03.11-09.01.42:038][  0]SourceControl: 	src/Saved/Backup/Bad_Tank_2018-03-10-14-20-35.uasset
[2018.03.11-09.01.42:038][  0]SourceControl: 	src/Saved/Backup/Bullet_2018-03-10-12-35-57.uasset
[2018.03.11-09.01.42:038][  0]SourceControl: 	src/Saved/Backup/Bullet_2018-03-10-15-54-34.uasset
[2018.03.11-09.01.42:038][  0]SourceControl: 	src/Saved/Backup/Gravity_2018-03-10-14-36-13.uasset
[2018.03.11-09.01.42:038][  0]SourceControl: 	src/Saved/Backup/Gravity_2018-03-10-14-44-57.uasset
[2018.03.11-09.01.42:038][  0]SourceControl: 	src/Saved/Backup/Gravity_2018-03-10-15-00-11.uasset
[2018.03.11-09.01.42:038][  0]SourceControl: 	src/Saved/Backup/Gravity_2018-03-10-15-17-43.uasset
[2018.03.11-09.01.42:038][  0]SourceControl: 	src/Saved/Backup/Gravity_2018-03-10-15-25-17.uasset
[2018.03.11-09.01.42:038][  0]SourceControl: 	src/Saved/Backup/Level1_2018-03-10-11-30-51.umap
[2018.03.11-09.01.42:038][  0]SourceControl: 	src/Saved/Backup/Level1_2018-03-10-11-39-18.umap
[2018.03.11-09.01.42:038][  0]SourceControl: 	src/Saved/Backup/Level1_2018-03-10-11-47-36.umap
[2018.03.11-09.01.42:039][  0]SourceControl: 	src/Saved/Backup/Level1_2018-03-10-12-25-16.umap
[2018.03.11-09.01.42:039][  0]SourceControl: 	src/Saved/Backup/Level1_2018-03-10-12-34-19.umap
[2018.03.11-09.01.42:039][  0]SourceControl: 	src/Saved/Backup/Level1_2018-03-10-12-49-21.umap
[2018.03.11-09.01.42:039][  0]SourceControl: 	src/Saved/Backup/Level1_2018-03-10-13-06-50.umap
[2018.03.11-09.01.42:039][  0]SourceControl: 	src/Saved/Backup/Level1_2018-03-10-13-33-54.umap
[2018.03.11-09.01.42:039][  0]SourceControl: 	src/Saved/Backup/Level1_2018-03-10-13-47-02.umap
[2018.03.11-09.01.42:039][  0]SourceControl: 	src/Saved/Backup/Level1_2018-03-10-14-20-35.umap
[2018.03.11-09.01.42:039][  0]SourceControl: 	src/Saved/Backup/Level1_2018-03-10-15-28-25.umap
[2018.03.11-09.01.42:039][  0]SourceControl: 	src/Saved/Backup/Level1_2018-03-10-16-03-46.umap
[2018.03.11-09.01.42:039][  0]SourceControl: 	src/Saved/Backup/Level1_2018-03-10-16-18-20.umap
[2018.03.11-09.01.42:039][  0]SourceControl: 	src/Saved/Backup/Level1_2018-03-10-16-33-17.umap
[2018.03.11-09.01.42:039][  0]SourceControl: 	src/Saved/Backup/Level1_2018-03-10-16-50-37.umap
[2018.03.11-09.01.42:039][  0]SourceControl: 	src/Saved/Backup/Level1_2018-03-10-17-00-22.umap
[2018.03.11-09.01.42:039][  0]SourceControl: 	src/Saved/Backup/Level1_2018-03-10-17-13-17.umap
[2018.03.11-09.01.42:039][  0]SourceControl: 	src/Saved/Backup/Level1_2018-03-10-17-18-39.umap
[2018.03.11-09.01.42:039][  0]SourceControl: 	src/Saved/Backup/Level1_2018-03-10-17-30-26.umap
[2018.03.11-09.01.42:039][  0]SourceControl: 	src/Saved/Backup/Level1_BuiltData_2018-03-10-11-30-51.uasset
[2018.03.11-09.01.42:039][  0]SourceControl: 	src/Saved/Backup/Level1_BuiltData_2018-03-10-11-39-18.uasset
[2018.03.11-09.01.42:039][  0]SourceControl: 	src/Saved/Backup/Level1_BuiltData_2018-03-10-11-47-37.uasset
[2018.03.11-09.01.42:039][  0]SourceControl: 	src/Saved/Backup/Level1_BuiltData_2018-03-10-12-34-19.uasset
[2018.03.11-09.01.42:039][  0]SourceControl: 	src/Saved/Backup/Level1_BuiltData_2018-03-10-12-49-21.uasset
[2018.03.11-09.01.42:039][  0]SourceControl: 	src/Saved/Backup/Level1_BuiltData_2018-03-10-13-06-50.uasset
[2018.03.11-09.01.42:039][  0]SourceControl: 	src/Saved/Backup/Level1_BuiltData_2018-03-10-13-35-10.uasset
[2018.03.11-09.01.42:039][  0]SourceControl: 	src/Saved/Backup/Level1_BuiltData_2018-03-10-13-50-41.uasset
[2018.03.11-09.01.42:039][  0]SourceControl: 	src/Saved/Backup/Level1_BuiltData_2018-03-10-15-28-25.uasset
[2018.03.11-09.01.42:039][  0]SourceControl: 	src/Saved/Backup/Level1_BuiltData_2018-03-10-16-03-46.uasset
[2018.03.11-09.01.42:039][  0]SourceControl: 	src/Saved/Backup/Level1_BuiltData_2018-03-10-16-36-32.uasset
[2018.03.11-09.01.42:039][  0]SourceControl: 	src/Saved/Backup/Level1_BuiltData_2018-03-10-17-13-18.uasset
[2018.03.11-09.01.42:039][  0]SourceControl: 	src/Saved/Backup/M_Fire_SubUV_2018-03-10-12-14-02.uasset
[2018.03.11-09.01.42:039][  0]SourceControl: 	src/Saved/Backup/M_Heat_Distortion_2018-03-10-12-16-53.uasset
[2018.03.11-09.01.42:039][  0]SourceControl: 	src/Saved/Backup/M_StoneWall_Master_2018-03-10-14-15-05.uasset
[2018.03.11-09.01.42:039][  0]SourceControl: 	src/Saved/Backup/M_Stone_Path_2018-03-10-14-20-47.uasset
[2018.03.11-09.01.42:039][  0]SourceControl: 	src/Saved/Backup/M_Tree_Background_2018-03-10-11-32-12.uasset
[2018.03.11-09.01.42:039][  0]SourceControl: 	src/Saved/Backup/M_Tree_Leaf_Base_Solid_2018-03-10-11-32-12.uasset
[2018.03.11-09.01.42:039][  0]SourceControl: 	src/Saved/Backup/M_Tree_Leaf_Base_Solid_2018-03-10-14-06-09.uasset
[2018.03.11-09.01.42:039][  0]SourceControl: 	src/Saved/Backup/M_Tree_Leaf_Base_Solid_2018-03-10-14-20-47.uasset
[2018.03.11-09.01.42:039][  0]SourceControl: 	src/Saved/Backup/M_Tree_Leaf_Base_Solid_Inst_2018-03-10-14-35-09.uasset
[2018.03.11-09.01.42:039][  0]SourceControl: 	src/Saved/Backup/M_Tree_Leaf_Base_Solid_Inst_2018-03-10-15-01-12.uasset
[2018.03.11-09.01.42:039][  0]SourceControl: 	src/Saved/Backup/M_Tree_Leaf_Base_Solid_Inst_2018-03-10-15-17-43.uasset
[2018.03.11-09.01.42:039][  0]SourceControl: 	src/Saved/Backup/M_Tree_Leaf_Base_Solid_Inst_2018-03-10-15-45-31.uasset
[2018.03.11-09.01.42:039][  0]SourceControl: 	src/Saved/Backup/M_Tree_Leaf_Base_Solid_Inst_2018-03-10-16-00-00.uasset
[2018.03.11-09.01.42:039][  0]SourceControl: 	src/Saved/Backup/M_Tree_Leaf_Base_Solid_Inst_2018-03-10-16-18-20.uasset
[2018.03.11-09.01.42:039][  0]SourceControl: 	src/Saved/Backup/P_Fire_2018-03-10-12-25-17.uasset
[2018.03.11-09.01.42:039][  0]SourceControl: 	src/Saved/Backup/Rock_2018-03-10-14-20-35.uasset
[2018.03.11-09.01.42:039][  0]SourceControl: 	src/Saved/Backup/SEQ3_2018-03-10-17-18-11.uasset
[2018.03.11-09.01.42:039][  0]SourceControl: 	src/Saved/Backup/SEQ3_2018-03-10-17-30-27.uasset
[2018.03.11-09.01.42:039][  0]SourceControl: 	src/Saved/Backup/SEQ_2_2018-03-10-16-40-54.uasset
[2018.03.11-09.01.42:039][  0]SourceControl: 	src/Saved/Backup/SEQ_2_2018-03-10-16-49-09.uasset
[2018.03.11-09.01.42:039][  0]SourceControl: 	src/Saved/Backup/SEQ_2_2018-03-10-17-04-09.uasset
[2018.03.11-09.01.42:039][  0]SourceControl: 	src/Saved/Backup/SEQ_2_2018-03-10-17-13-24.uasset
[2018.03.11-09.01.42:039][  0]SourceControl: 	src/Saved/Backup/SEQ_2_2018-03-10-17-18-40.uasset
[2018.03.11-09.01.42:039][  0]SourceControl: 	src/Saved/Backup/SEQ_Start_2018-03-10-16-33-18.uasset
[2018.03.11-09.01.42:040][  0]SourceControl: 	src/Saved/Backup/SEQ_Start_2018-03-10-17-04-09.uasset
[2018.03.11-09.01.42:040][  0]SourceControl: 	src/Saved/Backup/Tank_2018-03-10-11-39-25.uasset
[2018.03.11-09.01.42:040][  0]SourceControl: 	src/Saved/Backup/Tank_2018-03-10-11-46-50.uasset
[2018.03.11-09.01.42:040][  0]SourceControl: 	src/Saved/Backup/Tank_2018-03-10-12-00-05.uasset
[2018.03.11-09.01.42:040][  0]SourceControl: 	src/Saved/Backup/Tank_2018-03-10-12-47-33.uasset
[2018.03.11-09.01.42:040][  0]SourceControl: 	src/Saved/Backup/Tank_2018-03-10-12-53-45.uasset
[2018.03.11-09.01.42:040][  0]SourceControl: 	src/Saved/Backup/Tank_2018-03-10-13-12-08.uasset
[2018.03.11-09.01.42:040][  0]SourceControl: 	src/Saved/Backup/Tank_2018-03-10-13-18-34.uasset
[2018.03.11-09.01.42:040][  0]SourceControl: 	src/Saved/Backup/Tank_2018-03-10-13-26-32.uasset
[2018.03.11-09.01.42:040][  0]SourceControl: 	src/Saved/Backup/Tank_2018-03-10-13-33-54.uasset
[2018.03.11-09.01.42:040][  0]SourceControl: 	src/Saved/Backup/Tank_2018-03-10-14-06-09.uasset
[2018.03.11-09.01.42:040][  0]SourceControl: 	src/Saved/Backup/Tank_2018-03-10-14-11-59.uasset
[2018.03.11-09.01.42:040][  0]SourceControl: 	src/Saved/Backup/Tank_2018-03-10-14-35-09.uasset
[2018.03.11-09.01.42:040][  0]SourceControl: 	src/Saved/Backup/Tank_2018-03-10-14-46-13.uasset
[2018.03.11-09.01.42:040][  0]SourceControl: 	src/Saved/Backup/Tank_2018-03-10-14-53-32.uasset
[2018.03.11-09.01.42:040][  0]SourceControl: 	src/Saved/Backup/Tank_2018-03-10-14-59-55.uasset
[2018.03.11-09.01.42:040][  0]SourceControl: 	src/Saved/Backup/Tank_2018-03-10-15-17-42.uasset
[2018.03.11-09.01.42:040][  0]SourceControl: 	src/Saved/Backup/Tank_2018-03-10-15-27-17.uasset
[2018.03.11-09.01.42:040][  0]SourceControl: 	src/Saved/Backup/Tank_2018-03-10-15-34-16.uasset
[2018.03.11-09.01.42:040][  0]SourceControl: 	src/Saved/Backup/Tank_2018-03-10-16-40-32.uasset
[2018.03.11-09.01.42:040][  0]SourceControl: 	src/Saved/Backup/Tree2_2018-03-10-16-56-24.uasset
[2018.03.11-09.01.42:040][  0]SourceControl: 	src/Saved/Backup/barrier_1_2018-03-10-14-20-35.uasset
[2018.03.11-09.01.42:040][  0]SourceControl: 	src/Saved/Backup/barrier_2_2018-03-10-16-50-37.uasset
[2018.03.11-09.01.42:040][  0]SourceControl: 	src/Saved/Backup/barrier_2_2018-03-10-17-04-09.uasset
[2018.03.11-09.01.42:040][  0]SourceControl: 	src/Saved/Backup/ogien_wraku_Cue_2018-03-10-13-50-01.uasset
[2018.03.11-09.01.42:040][  0]SourceControl: 	src/Saved/Backup/silnik_czolgu_4_Cue_2018-03-10-14-12-05.uasset
[2018.03.11-09.01.42:040][  0]SourceControl: 	src/Saved/Backup/tree_1_2018-03-10-14-06-09.uasset
[2018.03.11-09.01.42:040][  0]SourceControl: 	src/Saved/Backup/tree_1_2018-03-10-14-20-35.uasset
[2018.03.11-09.01.42:040][  0]SourceControl: 	src/Saved/Backup/wood_fire_2018-03-10-12-25-17.uasset
[2018.03.11-09.01.42:040][  0]SourceControl: 	src/Saved/Backup/wood_fire_2018-03-10-12-49-21.uasset
[2018.03.11-09.01.42:040][  0]SourceControl: 	src/Saved/Config/CrashReportClient/UE4CC-Windows-039B6431494BD2F3B1ABE3B9805DA590/
[2018.03.11-09.01.42:040][  0]SourceControl: 	src/Saved/Config/CrashReportClient/UE4CC-Windows-207C388E4C6C2278F1BF51A09E5F0771/
[2018.03.11-09.01.42:040][  0]SourceControl: 	src/Saved/Config/CrashReportClient/UE4CC-Windows-3CBA78404633E5719D39E1B21BDCB09F/
[2018.03.11-09.01.42:040][  0]SourceControl: 	src/Saved/Config/CrashReportClient/UE4CC-Windows-5D846CFC4A880EDCEA204F96810D9289/
[2018.03.11-09.01.42:040][  0]SourceControl: 	src/Saved/Config/CrashReportClient/UE4CC-Windows-76B8878A45BB3CAB990F6EA2463751A3/
[2018.03.11-09.01.42:040][  0]SourceControl: 	src/Saved/Config/CrashReportClient/UE4CC-Windows-AE6EADA44A7714B0D13427BF9D75FD91/
[2018.03.11-09.01.42:040][  0]SourceControl: 	src/Saved/Config/CrashReportClient/UE4CC-Windows-B6D40630459105CE1CE4BEA2B3109418/
[2018.03.11-09.01.42:040][  0]SourceControl: 	src/Saved/Config/CrashReportClient/UE4CC-Windows-D444EAB04CF6C7677BDC8E83FC9EF807/
[2018.03.11-09.01.42:040][  0]SourceControl: 	src/Saved/Config/CrashReportClient/UE4CC-Windows-E7C6C7CF4EF56C5423C20C950C146977/
[2018.03.11-09.01.42:040][  0]SourceControl: 	src/Saved/Config/CrashReportClient/UE4CC-Windows-ED6B750B4BB19C1CFCFFCE9150FAFAAA/
[2018.03.11-09.01.42:040][  0]SourceControl: 	src/Saved/Cooked/
[2018.03.11-09.01.42:040][  0]SourceControl: 	src/Saved/Crashes/UE4CC-Windows-039B6431494BD2F3B1ABE3B9805DA590_0000/
[2018.03.11-09.01.42:040][  0]SourceControl: 	src/Saved/Crashes/UE4CC-Windows-B6D40630459105CE1CE4BEA2B3109418_0000/
[2018.03.11-09.01.42:040][  0]SourceControl: 	src/Saved/Crashes/UE4CC-Windows-B6D40630459105CE1CE4BEA2B3109418_0001/
[2018.03.11-09.01.42:040][  0]SourceControl: 	src/Saved/EditorCooked/
[2018.03.11-09.01.42:040][  0]SourceControl: 	src/Saved/Logs/src-backup-2018.03.10-11.33.04.log
[2018.03.11-09.01.42:040][  0]SourceControl: 	src/Saved/Logs/src-backup-2018.03.10-12.59.26.log
[2018.03.11-09.01.42:040][  0]SourceControl: 	src/Saved/Logs/src-backup-2018.03.10-16.22.46.log
[2018.03.11-09.01.42:040][  0]SourceControl: 	src/Saved/Logs/src-backup-2018.03.11-10.01.02.log
[2018.03.11-09.01.42:040][  0]SourceControl: 	src/Saved/StagedBuilds/
[2018.03.11-09.01.42:041][  0]SourceControl: 	src/Saved/Temp/
[2018.03.11-09.01.42:041][  0]LogContentStreaming: Texture pool size now 1000 MB
[2018.03.11-09.01.42:093][  0]LogRenderer: Reallocating scene render targets to support 256x256 Format 10 NumSamples 1 (Frame:1).
[2018.03.11-09.01.42:304][  1]LogRenderer: Reallocating scene render targets to support 1388x720 Format 10 NumSamples 1 (Frame:1).
[2018.03.11-09.01.42:304][  1]LogSubstanceLiveLink: Warning: Unable to send data along socket, closing connection
[2018.03.11-09.01.42:305][  1]LogFileCache: Retrieving MD5 hashes for directory 'C:/Users/bemon/Documents/Unreal Projects/mad-hamish/src/Content/' took 0.30s
[2018.03.11-09.01.42:331][  1]LogAssetRegistry: Asset discovery search completed in 26.2137 seconds
[2018.03.11-09.01.42:333][  1]LogCollectionManager: Rebuilt the object cache for 0 collections in 0.000000 seconds (found 0 objects)
[2018.03.11-09.01.42:333][  1]LogCollectionManager: Fixed up redirectors for 0 collections in 0.000079 seconds (updated 0 objects)
[2018.03.11-09.01.43:103][ 10]LogSlate: Took 0.004307 seconds to synchronously load lazily loaded font '../../../Engine/Content/Slate/Fonts/Roboto-Light.ttf' (159K)
[2018.03.11-09.02.16:972][934]LogTemp: Repeating last play command: Selected Viewport
[2018.03.11-09.02.17:020][934]LogBlueprintUserMessages: Early PlayInEditor Detection: Level '/Game/Levels/Level1.Level1:PersistentLevel' has LevelScriptBlueprint '/Game/Levels/Level1.Level1:PersistentLevel.Level1' with GeneratedClass '/Game/Levels/Level1.Level1_C' with ClassGeneratedBy '/Game/Levels/Level1.Level1:PersistentLevel.Level1'
[2018.03.11-09.02.17:021][934]LogPlayLevel: PlayLevel: No blueprints needed recompiling
[2018.03.11-09.02.17:024][934]PIE: New page: PIE session: Level1 (Mar 11, 2018, 11:02:17 AM)
[2018.03.11-09.02.17:024][934]LogPlayLevel: Creating play world package: /Game/Levels/UEDPIE_0_Level1
[2018.03.11-09.02.17:040][934]LogPlayLevel: PIE: StaticDuplicateObject took: (0.015800s)
[2018.03.11-09.02.17:040][934]LogAIModule: Creating AISystem for world Level1
[2018.03.11-09.02.17:041][934]LogPlayLevel: PIE: World Init took: (0.000780s)
[2018.03.11-09.02.17:041][934]LogPlayLevel: PIE: Created PIE world by copying editor world from /Game/Levels/Level1.Level1 to /Game/Levels/UEDPIE_0_Level1.Level1 (0.016980s)
[2018.03.11-09.02.17:064][934]LogInit: XAudio2 using 'Głośniki (Urządzenie zgodne ze standardem High Definition Audio)' : 2 channels at 48 kHz using 16 bits per sample (channel mask 0x3)
[2018.03.11-09.02.17:074][934]LogInit: FAudioDevice initialized.
[2018.03.11-09.02.17:119][934]LogLoad: Game class is 'TankMode_C'
[2018.03.11-09.02.17:128][934]LogWorld: Bringing World /Game/Levels/UEDPIE_0_Level1.Level1 up for play (max tick rate 0) at 2018.03.11-10.02.17
[2018.03.11-09.02.17:143][934]LogWorld: Bringing up level for play took: 0.021292
[2018.03.11-09.02.17:202][934]LogContentBrowser: Native class hierarchy updated for 'MovieSceneCapture' in 0.0003 seconds. Added 11 classes and 0 folders.
[2018.03.11-09.02.17:208][934]PIE: Play in editor start time for /Game/Levels/UEDPIE_0_Level1 0.404
[2018.03.11-09.02.17:209][934]LogBlueprintUserMessages: Late PlayInEditor Detection: Level '/Game/Levels/Level1.Level1:PersistentLevel' has LevelScriptBlueprint '/Game/Levels/Level1.Level1:PersistentLevel.Level1' with GeneratedClass '/Game/Levels/Level1.Level1_C' with ClassGeneratedBy '/Game/Levels/Level1.Level1:PersistentLevel.Level1'
[2018.03.11-09.02.19:480][  3]LogBlueprintUserMessages: Early EndPlayMap Detection: Level '/Game/Levels/Level1.Level1:PersistentLevel' has LevelScriptBlueprint '/Game/Levels/Level1.Level1:PersistentLevel.Level1' with GeneratedClass '/Game/Levels/Level1.Level1_C' with ClassGeneratedBy '/Game/Levels/Level1.Level1:PersistentLevel.Level1'
[2018.03.11-09.02.19:546][  3]LogBlueprintUserMessages: Late EndPlayMap Detection: Level '/Game/Levels/Level1.Level1:PersistentLevel' has LevelScriptBlueprint '/Game/Levels/Level1.Level1:PersistentLevel.Level1' with GeneratedClass '/Game/Levels/Level1.Level1_C' with ClassGeneratedBy '/Game/Levels/Level1.Level1:PersistentLevel.Level1'
[2018.03.11-09.11.12:055][147]Cmd: QUIT_EDITOR
[2018.03.11-09.11.12:731][147]LogWindowsTextInputMethodSystem: Display: IME system now deactivated.
[2018.03.11-09.11.12:763][147]LogExit: Preparing to exit.
[2018.03.11-09.11.13:475][147]LogDirectoryWatcher: A directory notification for 'C:/Users/bemon/Documents/Unreal Projects/mad-hamish/src/Content/' was aborted.
[2018.03.11-09.11.13:502][147]LogExit: Editor shut down
[2018.03.11-09.11.13:505][147]LogExit: Transaction tracking system shut down
[2018.03.11-09.11.13:669][147]LogDirectoryWatcher: A directory notification for '../../../Engine/Content/' was aborted.
[2018.03.11-09.11.13:669][147]LogDirectoryWatcher: A directory notification for '../../../../../../Users/bemon/Documents/Unreal Projects/mad-hamish/src/Content/' was aborted.
[2018.03.11-09.11.13:669][147]LogDirectoryWatcher: A directory notification for '../../../Engine/Plugins/2D/Paper2D/Content/' was aborted.
[2018.03.11-09.11.13:669][147]LogDirectoryWatcher: A directory notification for '../../../Engine/Plugins/Media/MediaCompositing/Content/' was aborted.
[2018.03.11-09.11.13:669][147]LogDirectoryWatcher: A directory notification for '../../../Engine/Plugins/Runtime/AppleARKit/Content/' was aborted.
[2018.03.11-09.11.13:669][147]LogDirectoryWatcher: A directory notification for '../../../Engine/Plugins/Runtime/Oculus/OculusVR/Content/' was aborted.
[2018.03.11-09.11.13:669][147]LogDirectoryWatcher: A directory notification for '../../../Engine/Plugins/Runtime/Steam/SteamVR/Content/' was aborted.
[2018.03.11-09.11.13:733][147]LogExit: Object subsystem successfully closed.
[2018.03.11-09.11.13:746][147]LogD3D11RHI: Shutdown
[2018.03.11-09.11.13:747][147]LogD3D11RHI: CleanupD3DDevice
[2018.03.11-09.11.13:749][147]LogD3D11RHI: ~FD3D11DynamicRHI
[2018.03.11-09.11.13:776][147]LogModuleManager: Shutting down and abandoning module MovieSceneCapture (558)
[2018.03.11-09.11.13:777][147]LogModuleManager: Shutting down and abandoning module HierarchicalLODOutliner (556)
[2018.03.11-09.11.13:777][147]LogModuleManager: Shutting down and abandoning module SceneOutliner (554)
[2018.03.11-09.11.13:777][147]LogModuleManager: Shutting down and abandoning module AddContentDialog (552)
[2018.03.11-09.11.13:777][147]LogDirectoryWatcher: A directory notification for 'C:/Program Files/Epic Games/UE_4.18/FeaturePacks/' was aborted.
[2018.03.11-09.11.13:779][147]LogModuleManager: Shutting down and abandoning module WidgetCarousel (551)
[2018.03.11-09.11.13:779][147]LogModuleManager: Shutting down and abandoning module EditorWidgets (548)
[2018.03.11-09.11.13:779][147]LogModuleManager: Shutting down and abandoning module CollectionManager (546)
[2018.03.11-09.11.13:779][147]LogDirectoryWatcher: A directory notification for 'C:/Users/bemon/Documents/Unreal Projects/mad-hamish/src/Content/Collections/' was aborted.
[2018.03.11-09.11.13:779][147]LogDirectoryWatcher: A directory notification for 'C:/Users/bemon/Documents/Unreal Projects/mad-hamish/src/Content/Developers/bemon/Collections/' was aborted.
[2018.03.11-09.11.13:779][147]LogDirectoryWatcher: A directory notification for 'C:/Users/bemon/Documents/Unreal Projects/mad-hamish/src/Saved/Collections/' was aborted.
[2018.03.11-09.11.13:779][147]LogModuleManager: Shutting down and abandoning module StatsViewer (544)
[2018.03.11-09.11.13:779][147]LogModuleManager: Shutting down and abandoning module FoliageEdit (542)
[2018.03.11-09.11.13:779][147]LogModuleManager: Shutting down and abandoning module LandscapeEditor (540)
[2018.03.11-09.11.13:780][147]LogModuleManager: Shutting down and abandoning module MeshPaintMode (538)
[2018.03.11-09.11.13:780][147]LogModuleManager: Shutting down and abandoning module SceneDepthPickerMode (536)
[2018.03.11-09.11.13:780][147]LogModuleManager: Shutting down and abandoning module ActorPickerMode (534)
[2018.03.11-09.11.13:780][147]LogModuleManager: Shutting down and abandoning module GeometryMode (532)
[2018.03.11-09.11.13:780][147]LogModuleManager: Shutting down and abandoning module TextureAlignMode (530)
[2018.03.11-09.11.13:780][147]LogModuleManager: Shutting down and abandoning module BspMode (528)
[2018.03.11-09.11.13:780][147]LogModuleManager: Shutting down and abandoning module PIEPreviewDeviceProfileSelector (526)
[2018.03.11-09.11.13:780][147]LogModuleManager: Shutting down and abandoning module HardwareSurvey (524)
[2018.03.11-09.11.13:780][147]LogModuleManager: Shutting down and abandoning module SequenceRecorderSections (522)
[2018.03.11-09.11.13:780][147]LogModuleManager: Shutting down and abandoning module AutomationWorker (520)
[2018.03.11-09.11.13:780][147]LogModuleManager: Shutting down and abandoning module MatineeToLevelSequence (518)
[2018.03.11-09.11.13:780][147]LogModuleManager: Shutting down and abandoning module LevelSequenceEditor (516)
[2018.03.11-09.11.13:780][147]LogModuleManager: Shutting down and abandoning module PlacementMode (515)
[2018.03.11-09.11.13:780][147]LogModuleManager: Shutting down and abandoning module WmfMediaFactory (512)
[2018.03.11-09.11.13:780][147]LogModuleManager: Shutting down and abandoning module WmfMediaEditor (510)
[2018.03.11-09.11.13:781][147]LogModuleManager: Shutting down and abandoning module OpenExrWrapper (508)
[2018.03.11-09.11.13:781][147]LogModuleManager: Shutting down and abandoning module ImgMediaFactory (506)
[2018.03.11-09.11.13:781][147]LogModuleManager: Shutting down and abandoning module ImgMediaEditor (504)
[2018.03.11-09.11.13:781][147]LogModuleManager: Shutting down and abandoning module AvfMediaFactory (502)
[2018.03.11-09.11.13:781][147]LogModuleManager: Shutting down and abandoning module AvfMediaEditor (500)
[2018.03.11-09.11.13:781][147]LogModuleManager: Shutting down and abandoning module AndroidMediaFactory (498)
[2018.03.11-09.11.13:781][147]LogModuleManager: Shutting down and abandoning module AndroidMediaEditor (496)
[2018.03.11-09.11.13:781][147]LogModuleManager: Shutting down and abandoning module CharacterAI (494)
[2018.03.11-09.11.13:781][147]LogModuleManager: Shutting down and abandoning module AudioCapture (492)
[2018.03.11-09.11.13:781][147]LogModuleManager: Shutting down and abandoning module SequenceRecorder (491)
[2018.03.11-09.11.13:781][147]LogModuleManager: Shutting down and abandoning module SmartSnapping (488)
[2018.03.11-09.11.13:781][147]LogModuleManager: Shutting down and abandoning module SessionServices (486)
[2018.03.11-09.11.13:781][147]LogModuleManager: Shutting down and abandoning module ViewportSnapping (484)
[2018.03.11-09.11.13:781][147]LogModuleManager: Shutting down and abandoning module ViewportInteraction (482)
[2018.03.11-09.11.13:781][147]LogModuleManager: Shutting down and abandoning module ClothPainter (480)
[2018.03.11-09.11.13:781][147]LogModuleManager: Shutting down and abandoning module SkeletalMeshEditor (479)
[2018.03.11-09.11.13:782][147]LogModuleManager: Shutting down and abandoning module LogVisualizer (476)
[2018.03.11-09.11.13:782][147]LogModuleManager: Shutting down and abandoning module IntroTutorials (474)
[2018.03.11-09.11.13:782][147]LogModuleManager: Shutting down and abandoning module GameProjectGeneration (473)
[2018.03.11-09.11.13:783][147]LogModuleManager: Shutting down and abandoning module IOSPlatformEditor (470)
[2018.03.11-09.11.13:783][147]LogModuleManager: Shutting down and abandoning module HTML5PlatformEditor (468)
[2018.03.11-09.11.13:783][147]LogModuleManager: Shutting down and abandoning module AndroidPlatformEditor (466)
[2018.03.11-09.11.13:783][147]LogModuleManager: Shutting down and abandoning module AndroidDeviceDetection (465)
[2018.03.11-09.11.14:135][147]LogModuleManager: Shutting down and abandoning module WindowsPlatformEditor (462)
[2018.03.11-09.11.14:135][147]LogModuleManager: Shutting down and abandoning module IOSRuntimeSettings (460)
[2018.03.11-09.11.14:135][147]LogModuleManager: Shutting down and abandoning module AndroidRuntimeSettings (458)
[2018.03.11-09.11.14:135][147]LogModuleManager: Shutting down and abandoning module InputBindingEditor (456)
[2018.03.11-09.11.14:135][147]LogModuleManager: Shutting down and abandoning module MergeActors (454)
[2018.03.11-09.11.14:135][147]LogModuleManager: Shutting down and abandoning module SizeMap (452)
[2018.03.11-09.11.14:135][147]LogModuleManager: Shutting down and abandoning module TreeMap (450)
[2018.03.11-09.11.14:136][147]LogModuleManager: Shutting down and abandoning module ReferenceViewer (448)
[2018.03.11-09.11.14:136][147]LogModuleManager: Shutting down and abandoning module LocalizationDashboard (446)
[2018.03.11-09.11.14:136][147]LogModuleManager: Shutting down and abandoning module LocalizationService (445)
[2018.03.11-09.11.14:136][147]LogModuleManager: Shutting down and abandoning module HardwareTargeting (442)
[2018.03.11-09.11.14:136][147]LogModuleManager: Shutting down and abandoning module DeviceProfileEditor (440)
[2018.03.11-09.11.14:136][147]LogModuleManager: Shutting down and abandoning module UndoHistory (438)
[2018.03.11-09.11.14:136][147]LogModuleManager: Shutting down and abandoning module XmlParser (436)
[2018.03.11-09.11.14:136][147]LogModuleManager: Shutting down and abandoning module Blutility (434)
[2018.03.11-09.11.14:137][147]LogModuleManager: Shutting down and abandoning module ProjectSettingsViewer (432)
[2018.03.11-09.11.14:137][147]LogModuleManager: Shutting down and abandoning module ProjectTargetPlatformEditor (431)
[2018.03.11-09.11.14:137][147]LogModuleManager: Shutting down and abandoning module EditorSettingsViewer (428)
[2018.03.11-09.11.14:137][147]LogModuleManager: Shutting down and abandoning module SettingsEditor (426)
[2018.03.11-09.11.14:137][147]LogModuleManager: Shutting down and abandoning module ProjectLauncher (424)
[2018.03.11-09.11.14:138][147]LogModuleManager: Shutting down and abandoning module SessionFrontend (422)
[2018.03.11-09.11.14:138][147]LogModuleManager: Shutting down and abandoning module ProfilerClient (420)
[2018.03.11-09.11.14:138][147]LogModuleManager: Shutting down and abandoning module DeviceManager (418)
[2018.03.11-09.11.14:138][147]LogModuleManager: Shutting down and abandoning module TargetDeviceServices (417)
[2018.03.11-09.11.14:204][147]LogModuleManager: Shutting down and abandoning module AutomationController (414)
[2018.03.11-09.11.14:204][147]LogModuleManager: Shutting down and abandoning module AutomationWindow (412)
[2018.03.11-09.11.14:205][147]LogModuleManager: Shutting down and abandoning module Layers (410)
[2018.03.11-09.11.14:207][147]LogModuleManager: Shutting down and abandoning module ComponentVisualizers (408)
[2018.03.11-09.11.14:207][147]LogModuleManager: Shutting down and abandoning module DetailCustomizations (406)
[2018.03.11-09.11.14:207][147]LogModuleManager: Shutting down and abandoning module PackagesDialog (404)
[2018.03.11-09.11.14:208][147]LogModuleManager: Shutting down and abandoning module Persona (402)
[2018.03.11-09.11.14:209][147]LogModuleManager: Shutting down and abandoning module AdvancedPreviewScene (401)
[2018.03.11-09.11.14:209][147]LogModuleManager: Shutting down and abandoning module AnimGraph (399)
[2018.03.11-09.11.14:209][147]LogModuleManager: Shutting down and abandoning module Kismet (396)
[2018.03.11-09.11.14:211][147]LogModuleManager: Shutting down and abandoning module ClassViewer (394)
[2018.03.11-09.11.14:211][147]LogModuleManager: Shutting down and abandoning module Toolbox (392)
[2018.03.11-09.11.14:211][147]LogModuleManager: Shutting down and abandoning module ModuleUI (390)
[2018.03.11-09.11.14:212][147]LogModuleManager: Shutting down and abandoning module MovieSceneTools (388)
[2018.03.11-09.11.14:212][147]LogModuleManager: Shutting down and abandoning module OutputLog (386)
[2018.03.11-09.11.14:213][147]LogModuleManager: Shutting down and abandoning module GammaUI (384)
[2018.03.11-09.11.14:213][147]LogModuleManager: Shutting down and abandoning module Documentation (382)
[2018.03.11-09.11.14:213][147]LogModuleManager: Shutting down and abandoning module MovieSceneTracks (380)
[2018.03.11-09.11.14:213][147]LogModuleManager: Shutting down and abandoning module MovieScene (378)
[2018.03.11-09.11.14:213][147]LogModuleManager: Shutting down and abandoning module StreamingPauseRendering (376)
[2018.03.11-09.11.14:213][147]LogModuleManager: Shutting down and abandoning module LauncherPlatform (374)
[2018.03.11-09.11.14:213][147]LogModuleManager: Shutting down and abandoning module AnalyticsET (372)
[2018.03.11-09.11.14:213][147]LogModuleManager: Shutting down and abandoning module PortalServices (370)
[2018.03.11-09.11.14:213][147]LogModuleManager: Shutting down and abandoning module PortalRpc (368)
[2018.03.11-09.11.14:213][147]LogModuleManager: Shutting down and abandoning module MessagingRpc (366)
[2018.03.11-09.11.14:213][147]LogModuleManager: Shutting down and abandoning module AIModule (364)
[2018.03.11-09.11.14:214][147]LogModuleManager: Shutting down and abandoning module GameplayDebugger (363)
[2018.03.11-09.11.14:214][147]LogModuleManager: Shutting down and abandoning module AITestSuite (361)
[2018.03.11-09.11.14:214][147]LogModuleManager: Shutting down and abandoning module DesktopPlatform (358)
[2018.03.11-09.11.14:214][147]LogModuleManager: Shutting down and abandoning module ProfilerService (356)
[2018.03.11-09.11.14:320][147]LogModuleManager: Shutting down and abandoning module TaskGraph (354)
[2018.03.11-09.11.14:320][147]LogModuleManager: Shutting down and abandoning module SubstanceLiveLink (352)
[2018.03.11-09.11.14:320][147]LogModuleManager: Shutting down and abandoning module SubstanceSource (350)
[2018.03.11-09.11.14:320][147]LogModuleManager: Shutting down and abandoning module SubstanceEditor (348)
[2018.03.11-09.11.14:320][147]LogModuleManager: Shutting down and abandoning module SteamVRController (346)
[2018.03.11-09.11.14:320][147]LogModuleManager: Shutting down and abandoning module ProceduralMeshComponentEditor (344)
[2018.03.11-09.11.14:320][147]LogModuleManager: Shutting down and abandoning module ProceduralMeshComponent (342)
[2018.03.11-09.11.14:320][147]LogModuleManager: Shutting down and abandoning module OculusInput (340)
[2018.03.11-09.11.14:320][147]LogModuleManager: Shutting down and abandoning module MobilePatchingUtils (338)
[2018.03.11-09.11.14:320][147]LogModuleManager: Shutting down and abandoning module CustomMeshComponent (336)
[2018.03.11-09.11.14:321][147]LogModuleManager: Shutting down and abandoning module CableComponent (334)
[2018.03.11-09.11.14:321][147]LogModuleManager: Shutting down and abandoning module ArchVisCharacter (332)
[2018.03.11-09.11.14:321][147]LogModuleManager: Shutting down and abandoning module AndroidPermission (330)
[2018.03.11-09.11.14:321][147]LogModuleManager: Shutting down and abandoning module ActorSequence (326)
[2018.03.11-09.11.14:321][147]LogModuleManager: Shutting down and abandoning module MediaPlayerEditor (324)
[2018.03.11-09.11.14:321][147]LogModuleManager: Shutting down and abandoning module MediaCompositingEditor (322)
[2018.03.11-09.11.14:321][147]LogModuleManager: Shutting down and abandoning module MediaCompositing (320)
[2018.03.11-09.11.14:321][147]LogModuleManager: Shutting down and abandoning module HTML5Networking (318)
[2018.03.11-09.11.14:322][147]LogModuleManager: Shutting down and abandoning module AlembicImporter (316)
[2018.03.11-09.11.14:322][147]LogModuleManager: Shutting down and abandoning module AlembicLibrary (315)
[2018.03.11-09.11.14:322][147]LogModuleManager: Shutting down and abandoning module GeometryCache (314)
[2018.03.11-09.11.14:322][147]LogModuleManager: Shutting down and abandoning module GeometryCacheEd (313)
[2018.03.11-09.11.14:322][147]LogModuleManager: Shutting down and abandoning module SpeedTreeImporter (308)
[2018.03.11-09.11.14:322][147]LogModuleManager: Shutting down and abandoning module PluginBrowser (306)
[2018.03.11-09.11.14:323][147]LogModuleManager: Shutting down and abandoning module MobileLauncherProfileWizard (304)
[2018.03.11-09.11.14:323][147]LogModuleManager: Shutting down and abandoning module VisualStudioSourceCodeAccess (302)
[2018.03.11-09.11.14:323][147]LogModuleManager: Shutting down and abandoning module VisualStudioCodeSourceCodeAccess (300)
[2018.03.11-09.11.14:323][147]LogModuleManager: Shutting down and abandoning module UObjectPlugin (298)
[2018.03.11-09.11.14:323][147]LogModuleManager: Shutting down and abandoning module SubversionSourceControl (296)
[2018.03.11-09.11.14:324][147]LogModuleManager: Shutting down and abandoning module PerforceSourceControl (294)
[2018.03.11-09.11.14:324][147]LogModuleManager: Shutting down and abandoning module GitSourceControl (292)
[2018.03.11-09.11.14:324][147]LogModuleManager: Shutting down and abandoning module SourceControl (291)
[2018.03.11-09.11.14:324][147]LogModuleManager: Shutting down and abandoning module LightPropagationVolumeEditor (288)
[2018.03.11-09.11.14:324][147]LogModuleManager: Shutting down and abandoning module PaperTiledImporter (286)
[2018.03.11-09.11.14:324][147]LogModuleManager: Shutting down and abandoning module PaperSpriteSheetImporter (284)
[2018.03.11-09.11.14:324][147]LogModuleManager: Shutting down and abandoning module Paper2DEditor (282)
[2018.03.11-09.11.14:325][147]LogModuleManager: Shutting down and abandoning module MeshPaint (281)
[2018.03.11-09.11.14:325][147]LogModuleManager: Shutting down and abandoning module LevelEditor (279)
[2018.03.11-09.11.14:327][147]LogModuleManager: Shutting down and abandoning module PixelInspectorModule (278)
[2018.03.11-09.11.14:327][147]LogModuleManager: Shutting down and abandoning module MainFrame (276)
[2018.03.11-09.11.14:327][147]LogModuleManager: Shutting down and abandoning module HotReload (275)
[2018.03.11-09.11.14:327][147]LogDirectoryWatcher: A directory notification for 'C:/Users/bemon/Documents/Unreal Projects/mad-hamish/src/Binaries/Win64' was aborted.
[2018.03.11-09.11.14:328][147]LogModuleManager: Shutting down and abandoning module RuntimePhysXCooking (270)
[2018.03.11-09.11.14:328][147]LogModuleManager: Shutting down and abandoning module PhysXVehiclesEditor (268)
[2018.03.11-09.11.14:328][147]LogModuleManager: Shutting down and abandoning module PhysXVehicles (266)
[2018.03.11-09.11.14:328][147]LogModuleManager: Shutting down and abandoning module OculusEditor (264)
[2018.03.11-09.11.14:328][147]LogModuleManager: Shutting down and abandoning module LocationServicesBPLibrary (262)
[2018.03.11-09.11.14:328][147]LogModuleManager: Shutting down and abandoning module ImmediatePhysicsEditor (260)
[2018.03.11-09.11.14:328][147]LogModuleManager: Shutting down and abandoning module ImmediatePhysics (258)
[2018.03.11-09.11.14:328][147]LogModuleManager: Shutting down and abandoning module UdpMessaging (256)
[2018.03.11-09.11.14:429][147]LogModuleManager: Shutting down and abandoning module TcpMessaging (254)
[2018.03.11-09.11.14:530][147]LogModuleManager: Shutting down and abandoning module SubstanceCore (252)
[2018.03.11-09.11.14:530][147]LogModuleManager: Shutting down and abandoning module GameplayTagsEditor (250)
[2018.03.11-09.11.14:530][147]LogModuleManager: Shutting down and abandoning module FacialAnimationEditor (248)
[2018.03.11-09.11.14:530][147]LogModuleManager: Shutting down and abandoning module FacialAnimation (246)
[2018.03.11-09.11.14:530][147]LogModuleManager: Shutting down and abandoning module AssetManagerEditor (244)
[2018.03.11-09.11.14:530][147]LogModuleManager: Shutting down and abandoning module GraphEditor (243)
[2018.03.11-09.11.14:533][147]LogModuleManager: Shutting down and abandoning module ContentBrowser (241)
[2018.03.11-09.11.14:534][147]LogModuleManager: Shutting down and abandoning module LightPropagationVolumeRuntime (238)
[2018.03.11-09.11.14:534][147]LogModuleManager: Shutting down and abandoning module Paper2D (236)
[2018.03.11-09.11.14:534][147]LogModuleManager: Shutting down and abandoning module WindowsMoviePlayer (234)
[2018.03.11-09.11.14:535][147]LogModuleManager: Shutting down and abandoning module WmfMedia (232)
[2018.03.11-09.11.14:538][147]LogModuleManager: Shutting down and abandoning module ImgMedia (230)
[2018.03.11-09.11.14:538][147]LogModuleManager: Shutting down and abandoning module PacketHandler (228)
[2018.03.11-09.11.14:538][147]LogModuleManager: Shutting down and abandoning module ClothingSystemEditor (226)
[2018.03.11-09.11.14:538][147]LogModuleManager: Shutting down and abandoning module ClothingSystemRuntime (224)
[2018.03.11-09.11.14:539][147]LogModuleManager: Shutting down and abandoning module MediaAssets (222)
[2018.03.11-09.11.14:539][147]LogModuleManager: Shutting down and abandoning module Media (221)
[2018.03.11-09.11.14:546][147]LogModuleManager: Shutting down and abandoning module Overlay (218)
[2018.03.11-09.11.14:546][147]LogModuleManager: Shutting down and abandoning module OverlayEditor (217)
[2018.03.11-09.11.14:546][147]LogModuleManager: Shutting down and abandoning module VREditor (214)
[2018.03.11-09.11.14:546][147]LogModuleManager: Shutting down and abandoning module StringTableEditor (212)
[2018.03.11-09.11.14:546][147]LogModuleManager: Shutting down and abandoning module GameplayTasksEditor (210)
[2018.03.11-09.11.14:546][147]LogModuleManager: Shutting down and abandoning module BehaviorTreeEditor (208)
[2018.03.11-09.11.14:547][147]LogModuleManager: Shutting down and abandoning module FunctionalTesting (206)
[2018.03.11-09.11.14:547][147]LogModuleManager: Shutting down and abandoning module CollisionAnalyzer (204)
[2018.03.11-09.11.14:547][147]LogModuleManager: Shutting down and abandoning module WorkspaceMenuStructure (203)
[2018.03.11-09.11.14:547][147]LogModuleManager: Shutting down and abandoning module UMG (200)
[2018.03.11-09.11.14:548][147]LogModuleManager: Shutting down and abandoning module UMGEditor (199)
[2018.03.11-09.11.14:550][147]LogModuleManager: Shutting down and abandoning module Sequencer (198)
[2018.03.11-09.11.14:551][147]LogModuleManager: Shutting down and abandoning module MessageLog (195)
[2018.03.11-09.11.14:551][147]LogModuleManager: Shutting down and abandoning module SlateReflector (190)
[2018.03.11-09.11.14:552][147]LogModuleManager: Shutting down and abandoning module Slate (188)
[2018.03.11-09.11.14:552][147]LogModuleManager: Shutting down and abandoning module EditorStyle (186)
[2018.03.11-09.11.14:557][147]LogModuleManager: Shutting down and abandoning module MRMesh (184)
[2018.03.11-09.11.14:558][147]LogModuleManager: Shutting down and abandoning module SourceCodeAccess (182)
[2018.03.11-09.11.14:558][147]LogModuleManager: Shutting down and abandoning module HeadMountedDisplay (180)
[2018.03.11-09.11.14:558][147]LogModuleManager: Shutting down and abandoning module XAudio2 (178)
[2018.03.11-09.11.14:558][147]LogModuleManager: Shutting down and abandoning module Networking (176)
[2018.03.11-09.11.14:558][147]LogModuleManager: Shutting down and abandoning module Core (172)
[2018.03.11-09.11.14:558][147]LogModuleManager: Shutting down and abandoning module LevelSequence (168)
[2018.03.11-09.11.14:558][147]LogModuleManager: Shutting down and abandoning module DirectoryWatcher (166)
[2018.03.11-09.11.14:559][147]LogModuleManager: Shutting down and abandoning module KismetCompiler (164)
[2018.03.11-09.11.14:559][147]LogModuleManager: Shutting down and abandoning module MeshUtilities (162)
[2018.03.11-09.11.14:560][147]LogModuleManager: Shutting down and abandoning module MeshMergeUtilities (161)
[2018.03.11-09.11.14:560][147]LogModuleManager: Shutting down and abandoning module MeshReductionInterface (160)
[2018.03.11-09.11.14:560][147]LogModuleManager: Shutting down and abandoning module SimplygonSwarm (159)
[2018.03.11-09.11.14:560][147]LogModuleManager: Shutting down and abandoning module SimplygonMeshReduction (157)
[2018.03.11-09.11.14:560][147]LogModuleManager: Shutting down and abandoning module QuadricMeshReduction (155)
[2018.03.11-09.11.14:561][147]LogModuleManager: Shutting down and abandoning module MaterialBaking (151)
[2018.03.11-09.11.14:561][147]LogModuleManager: Shutting down and abandoning module DerivedDataCache (148)
[2018.03.11-09.11.14:600][147]LogDerivedDataCache: Shutdown
[2018.03.11-09.11.14:600][147]LogModuleManager: Shutting down and abandoning module TargetPlatform (146)
[2018.03.11-09.11.14:600][147]LogModuleManager: Shutting down and abandoning module VulkanShaderFormat (145)
[2018.03.11-09.11.14:600][147]LogModuleManager: Shutting down and abandoning module ShaderFormatVectorVM (143)
[2018.03.11-09.11.14:601][147]LogModuleManager: Shutting down and abandoning module ShaderFormatOpenGL (141)
[2018.03.11-09.11.14:602][147]LogModuleManager: Shutting down and abandoning module ShaderFormatD3D (139)
[2018.03.11-09.11.14:602][147]LogModuleManager: Shutting down and abandoning module MetalShaderFormat (137)
[2018.03.11-09.11.14:602][147]LogModuleManager: Shutting down and abandoning module TextureFormatUncompressed (135)
[2018.03.11-09.11.14:602][147]LogModuleManager: Shutting down and abandoning module TextureFormatPVR (133)
[2018.03.11-09.11.14:602][147]LogModuleManager: Shutting down and abandoning module TextureFormatDXT (131)
[2018.03.11-09.11.14:602][147]LogModuleManager: Shutting down and abandoning module TextureFormatIntelISPCTexComp (129)
[2018.03.11-09.11.14:603][147]LogModuleManager: Shutting down and abandoning module TextureFormatASTC (127)
[2018.03.11-09.11.14:603][147]LogModuleManager: Shutting down and abandoning module ImageWrapper (126)
[2018.03.11-09.11.14:603][147]LogModuleManager: Shutting down and abandoning module TextureFormatAndroid (123)
[2018.03.11-09.11.14:603][147]LogModuleManager: Shutting down and abandoning module AudioFormatOpus (121)
[2018.03.11-09.11.14:603][147]LogModuleManager: Shutting down and abandoning module AudioFormatOgg (119)
[2018.03.11-09.11.14:603][147]LogModuleManager: Shutting down and abandoning module AudioFormatADPCM (117)
[2018.03.11-09.11.14:603][147]LogModuleManager: Shutting down and abandoning module LinuxTargetPlatform (115)
[2018.03.11-09.11.14:603][147]LogModuleManager: Shutting down and abandoning module LinuxServerTargetPlatform (113)
[2018.03.11-09.11.14:603][147]LogModuleManager: Shutting down and abandoning module LinuxNoEditorTargetPlatform (111)
[2018.03.11-09.11.14:603][147]LogModuleManager: Shutting down and abandoning module LinuxClientTargetPlatform (109)
[2018.03.11-09.11.14:603][147]LogModuleManager: Shutting down and abandoning module TVOSTargetPlatform (107)
[2018.03.11-09.11.14:603][147]LogModuleManager: Shutting down and abandoning module Messaging (105)
[2018.03.11-09.11.14:603][147]LogModuleManager: Shutting down and abandoning module IOSTargetPlatform (103)
[2018.03.11-09.11.14:603][147]LogModuleManager: Shutting down and abandoning module HTML5TargetPlatform (101)
[2018.03.11-09.11.14:603][147]LogModuleManager: Shutting down and abandoning module AndroidTargetPlatform (99)
[2018.03.11-09.11.14:603][147]LogModuleManager: Shutting down and abandoning module Android_PVRTCTargetPlatform (97)
[2018.03.11-09.11.14:603][147]LogModuleManager: Shutting down and abandoning module Android_MultiTargetPlatform (95)
[2018.03.11-09.11.14:603][147]LogModuleManager: Shutting down and abandoning module Android_ETC2TargetPlatform (93)
[2018.03.11-09.11.14:603][147]LogModuleManager: Shutting down and abandoning module Android_ETC1TargetPlatform (91)
[2018.03.11-09.11.14:603][147]LogModuleManager: Shutting down and abandoning module Android_DXTTargetPlatform (89)
[2018.03.11-09.11.14:603][147]LogModuleManager: Shutting down and abandoning module Android_ATCTargetPlatform (87)
[2018.03.11-09.11.14:603][147]LogModuleManager: Shutting down and abandoning module Android_ASTCTargetPlatform (85)
[2018.03.11-09.11.14:603][147]LogModuleManager: Shutting down and abandoning module WindowsTargetPlatform (83)
[2018.03.11-09.11.14:603][147]LogModuleManager: Shutting down and abandoning module WindowsServerTargetPlatform (81)
[2018.03.11-09.11.14:603][147]LogModuleManager: Shutting down and abandoning module WindowsNoEditorTargetPlatform (79)
[2018.03.11-09.11.14:603][147]LogModuleManager: Shutting down and abandoning module WindowsClientTargetPlatform (77)
[2018.03.11-09.11.14:603][147]LogModuleManager: Shutting down and abandoning module MacTargetPlatform (75)
[2018.03.11-09.11.14:603][147]LogModuleManager: Shutting down and abandoning module MacServerTargetPlatform (73)
[2018.03.11-09.11.14:603][147]LogModuleManager: Shutting down and abandoning module MacNoEditorTargetPlatform (71)
[2018.03.11-09.11.14:603][147]LogModuleManager: Shutting down and abandoning module MacClientTargetPlatform (69)
[2018.03.11-09.11.14:603][147]LogModuleManager: Shutting down and abandoning module AllDesktopTargetPlatform (67)
[2018.03.11-09.11.14:603][147]LogModuleManager: Shutting down and abandoning module InputCore (64)
[2018.03.11-09.11.14:603][147]LogModuleManager: Shutting down and abandoning module Settings (62)
[2018.03.11-09.11.14:603][147]LogModuleManager: Shutting down and abandoning module PhysXCooking (60)
[2018.03.11-09.11.14:604][147]LogModuleManager: Shutting down and abandoning module SteamVR (58)
[2018.03.11-09.11.14:604][147]LogModuleManager: Shutting down and abandoning module OculusHMD (56)
[2018.03.11-09.11.14:604][147]LogModuleManager: Shutting down and abandoning module ExampleDeviceProfileSelector (54)
[2018.03.11-09.11.14:604][147]LogModuleManager: Shutting down and abandoning module AppleARKit (52)
[2018.03.11-09.11.14:604][147]LogModuleManager: Shutting down and abandoning module AugmentedReality (51)
[2018.03.11-09.11.14:604][147]LogModuleManager: Shutting down and abandoning module OnlineBlueprintSupport (48)
[2018.03.11-09.11.14:604][147]LogModuleManager: Shutting down and abandoning module OnlineSubsystem (44)
[2018.03.11-09.11.14:604][147]LogModuleManager: Shutting down and abandoning module XMPP (43)
[2018.03.11-09.11.14:605][147]LogModuleManager: Shutting down and abandoning module HTTP (41)
[2018.03.11-09.11.14:605][147]LogHttp: Display: Http module shutting down, but needs to wait on 1 outstanding Http requests:
[2018.03.11-09.11.14:605][147]LogHttp: Display: 	verb=[POST] url=[https://datarouter.ol.epicgames.com/datarouter/api/v1/public/data?SessionID=%7B00D97DAA-496F-776A-20E1-00BD687A4E09%7D&AppID=UEEditor.Rocket.Release&AppVersion=4.18.3-3832480%2B%2B%2BUE4%2BRelease-4.18&UserID=40c8422c48f9b36b658d599dc914af19%7C7dcb4a4ba5c34e0895b4e8120e296e78%7Cd6bd0866-b477-4559-bbfd-4be2ad3aac19&AppEnvironment=datacollector-binary&UploadType=eteventstream] status=Processing
[2018.03.11-09.11.14:617][147]LogModuleManager: Shutting down and abandoning module SSL (40)
[2018.03.11-09.11.14:620][147]LogModuleManager: Shutting down and abandoning module AnimationModifiers (36)
[2018.03.11-09.11.14:620][147]LogModuleManager: Shutting down and abandoning module PropertyEditor (35)
[2018.03.11-09.11.14:620][147]LogModuleManager: Shutting down and abandoning module AudioEditor (32)
[2018.03.11-09.11.14:620][147]LogModuleManager: Shutting down and abandoning module TextureCompressor (30)
[2018.03.11-09.11.14:621][147]LogModuleManager: Shutting down and abandoning module ShaderCore (28)
[2018.03.11-09.11.14:621][147]LogModuleManager: Shutting down and abandoning module Landscape (26)
[2018.03.11-09.11.14:621][147]LogModuleManager: Shutting down and abandoning module SlateRHIRenderer (24)
[2018.03.11-09.11.14:622][147]LogModuleManager: Shutting down and abandoning module OpenGLDrv (22)
[2018.03.11-09.11.14:623][147]LogModuleManager: Shutting down and abandoning module D3D11RHI (20)
[2018.03.11-09.11.14:623][147]LogModuleManager: Shutting down and abandoning module AnimGraphRuntime (18)
[2018.03.11-09.11.14:623][147]LogModuleManager: Shutting down and abandoning module Renderer (16)
[2018.03.11-09.11.14:623][147]LogModuleManager: Shutting down and abandoning module Engine (14)
[2018.03.11-09.11.14:623][147]LogModuleManager: Shutting down and abandoning module CoreUObject (12)
[2018.03.11-09.11.14:623][147]LogModuleManager: Shutting down and abandoning module NetworkFile (10)
[2018.03.11-09.11.14:623][147]LogModuleManager: Shutting down and abandoning module CookedIterativeFile (8)
[2018.03.11-09.11.14:623][147]LogModuleManager: Shutting down and abandoning module StreamingFile (6)
[2018.03.11-09.11.14:623][147]LogModuleManager: Shutting down and abandoning module SandboxFile (4)
[2018.03.11-09.11.14:623][147]LogModuleManager: Shutting down and abandoning module PakFile (2)
[2018.03.11-09.11.14:629][147]LogExit: Exiting.
[2018.03.11-09.11.14:671][147]Log file closed, 03/11/18 10:11:14
